{"uid":"13967d02e4630e74","name":"test_found_invalid_data","fullName":"tests.features_profile_test.TestRecruitmentCandidate#test_found_invalid_data","historyId":"fdbc4171681f5870d7f01519f650bfdc","time":{"start":1712230309839,"stop":1712230327251,"duration":17412},"status":"broken","statusMessage":"selenium.common.exceptions.TimeoutException: Message: \nStacktrace:\n#0 0x56225d900993 <unknown>\n#1 0x56225d5fb136 <unknown>\n#2 0x56225d645d48 <unknown>\n#3 0x56225d645e01 <unknown>\n#4 0x56225d688e44 <unknown>\n#5 0x56225d667cfd <unknown>\n#6 0x56225d686319 <unknown>\n#7 0x56225d667a73 <unknown>\n#8 0x56225d638c93 <unknown>\n#9 0x56225d63965e <unknown>\n#10 0x56225d8c508b <unknown>\n#11 0x56225d8c9005 <unknown>\n#12 0x56225d8b3491 <unknown>\n#13 0x56225d8c9b92 <unknown>\n#14 0x56225d8989ef <unknown>\n#15 0x56225d8efdf8 <unknown>\n#16 0x56225d8effcb <unknown>\n#17 0x56225d8ffae4 <unknown>\n#18 0x7fc5e4c94ac3 <unknown>","statusTrace":"self = <tests.features_profile_test.TestRecruitmentCandidate object at 0x7f66d973d010>\n\n    def test_found_invalid_data(self):\n        self.login_page.open()\n        self.login_page.enter_login()\n        self.login_page.enter_password()\n        self.login_page.click_on_submit_button()\n>       self.recruitment_candidate_page.click_on_recruitment_item()\n\ntests/features_profile_test.py:419: \n_ _ _ _ _ _ _ _ _ _ _ _ _ _ _ _ _ _ _ _ _ _ _ _ _ _ _ _ _ _ _ _ _ _ _ _ _ _ _ _ \npages/recruitment_candidates_page.py:95: in click_on_recruitment_item\n    self.wait.until(EC.element_to_be_clickable(self.CHOOSE_RECRUITMENT_FROM_MENU)).click()\n_ _ _ _ _ _ _ _ _ _ _ _ _ _ _ _ _ _ _ _ _ _ _ _ _ _ _ _ _ _ _ _ _ _ _ _ _ _ _ _ \n\nself = <selenium.webdriver.support.wait.WebDriverWait (session=\"e1064b8dc3cf46dd04c547cb4d75f126\")>\nmethod = <function element_to_be_clickable.<locals>._predicate at 0x7f66d96194e0>\nmessage = ''\n\n    def until(self, method: Callable[[D], Union[Literal[False], T]], message: str = \"\") -> T:\n        \"\"\"Calls the method provided with the driver as an argument until the \\\n        return value does not evaluate to ``False``.\n    \n        :param method: callable(WebDriver)\n        :param message: optional message for :exc:`TimeoutException`\n        :returns: the result of the last call to `method`\n        :raises: :exc:`selenium.common.exceptions.TimeoutException` if timeout occurs\n        \"\"\"\n        screen = None\n        stacktrace = None\n    \n        end_time = time.monotonic() + self._timeout\n        while True:\n            try:\n                value = method(self._driver)\n                if value:\n                    return value\n            except self._ignored_exceptions as exc:\n                screen = getattr(exc, \"screen\", None)\n                stacktrace = getattr(exc, \"stacktrace\", None)\n            time.sleep(self._poll)\n            if time.monotonic() > end_time:\n                break\n>       raise TimeoutException(message, screen, stacktrace)\nE       selenium.common.exceptions.TimeoutException: Message: \nE       Stacktrace:\nE       #0 0x56225d900993 <unknown>\nE       #1 0x56225d5fb136 <unknown>\nE       #2 0x56225d645d48 <unknown>\nE       #3 0x56225d645e01 <unknown>\nE       #4 0x56225d688e44 <unknown>\nE       #5 0x56225d667cfd <unknown>\nE       #6 0x56225d686319 <unknown>\nE       #7 0x56225d667a73 <unknown>\nE       #8 0x56225d638c93 <unknown>\nE       #9 0x56225d63965e <unknown>\nE       #10 0x56225d8c508b <unknown>\nE       #11 0x56225d8c9005 <unknown>\nE       #12 0x56225d8b3491 <unknown>\nE       #13 0x56225d8c9b92 <unknown>\nE       #14 0x56225d8989ef <unknown>\nE       #15 0x56225d8efdf8 <unknown>\nE       #16 0x56225d8effcb <unknown>\nE       #17 0x56225d8ffae4 <unknown>\nE       #18 0x7fc5e4c94ac3 <unknown>\n\n/opt/hostedtoolcache/Python/3.12.2/x64/lib/python3.12/site-packages/selenium/webdriver/support/wait.py:105: TimeoutException","flaky":false,"newFailed":false,"newBroken":true,"newPassed":false,"retriesCount":0,"retriesStatusChange":false,"beforeStages":[{"name":"driver","time":{"start":1712230309556,"stop":1712230309839,"duration":283},"status":"passed","steps":[],"attachments":[],"parameters":[],"stepsCount":0,"attachmentsCount":0,"hasContent":false,"attachmentStep":false,"shouldDisplayMessage":false},{"name":"setup","time":{"start":1712230309839,"stop":1712230309839,"duration":0},"status":"passed","steps":[],"attachments":[],"parameters":[],"stepsCount":0,"attachmentsCount":0,"hasContent":false,"attachmentStep":false,"shouldDisplayMessage":false}],"afterStages":[{"name":"driver::0","time":{"start":1712230327278,"stop":1712230327278,"duration":0},"status":"passed","steps":[],"attachments":[],"parameters":[],"stepsCount":0,"attachmentsCount":0,"hasContent":false,"attachmentStep":false,"shouldDisplayMessage":false}],"labels":[{"name":"parentSuite","value":"tests"},{"name":"suite","value":"features_profile_test"},{"name":"subSuite","value":"TestRecruitmentCandidate"},{"name":"host","value":"fv-az801-286"},{"name":"thread","value":"2278-MainThread"},{"name":"framework","value":"pytest"},{"name":"language","value":"cpython3"},{"name":"package","value":"tests.features_profile_test"},{"name":"resultFormat","value":"allure2"}],"parameters":[],"links":[],"hidden":false,"retry":false,"extra":{"severity":"normal","retries":[],"categories":[{"name":"Test defects","matchedStatuses":[],"flaky":false}],"history":{"statistic":{"failed":0,"broken":1,"skipped":0,"passed":3,"unknown":0,"total":4},"items":[{"uid":"3158f20ad14e22c1","reportUrl":"https://PetyaPidkovych07.github.io/DemoUI/54//#testresult/3158f20ad14e22c1","status":"passed","time":{"start":1712221905315,"stop":1712221913701,"duration":8386}},{"uid":"9f7ff2d3a5b5c136","reportUrl":"https://PetyaPidkovych07.github.io/DemoUI/53//#testresult/9f7ff2d3a5b5c136","status":"passed","time":{"start":1712215094860,"stop":1712215103720,"duration":8860}},{"uid":"3fc76faab3eb0dc2","reportUrl":"https://PetyaPidkovych07.github.io/DemoUI/47//#testresult/3fc76faab3eb0dc2","status":"passed","time":{"start":1711615980460,"stop":1711615989269,"duration":8809}}]},"tags":[]},"source":"13967d02e4630e74.json","parameterValues":[]}