{"uid":"186e431e058e1523","name":"test_if_search_for_invalid_data_via_calendar","fullName":"tests.features_profile_test.TestRecruitmentCandidate#test_if_search_for_invalid_data_via_calendar","historyId":"46e9b8cf6d47ac7c2badfa7e32827456","time":{"start":1712230612213,"stop":1712230629968,"duration":17755},"status":"broken","statusMessage":"selenium.common.exceptions.TimeoutException: Message: \nStacktrace:\n#0 0x5586c3488993 <unknown>\n#1 0x5586c3183136 <unknown>\n#2 0x5586c31cdd48 <unknown>\n#3 0x5586c31cde01 <unknown>\n#4 0x5586c3210e44 <unknown>\n#5 0x5586c31efcfd <unknown>\n#6 0x5586c320e319 <unknown>\n#7 0x5586c31efa73 <unknown>\n#8 0x5586c31c0c93 <unknown>\n#9 0x5586c31c165e <unknown>\n#10 0x5586c344d08b <unknown>\n#11 0x5586c3451005 <unknown>\n#12 0x5586c343b491 <unknown>\n#13 0x5586c3451b92 <unknown>\n#14 0x5586c34209ef <unknown>\n#15 0x5586c3477df8 <unknown>\n#16 0x5586c3477fcb <unknown>\n#17 0x5586c3487ae4 <unknown>\n#18 0x7fc427294ac3 <unknown>","statusTrace":"self = <tests.features_profile_test.TestRecruitmentCandidate object at 0x7f66d973f470>\n\n    def test_if_search_for_invalid_data_via_calendar(self):\n        self.login_page.open()\n        self.login_page.enter_login()\n        self.login_page.enter_password()\n        self.login_page.click_on_submit_button()\n>       self.recruitment_candidate_page.click_on_recruitment_item()\n\ntests/features_profile_test.py:606: \n_ _ _ _ _ _ _ _ _ _ _ _ _ _ _ _ _ _ _ _ _ _ _ _ _ _ _ _ _ _ _ _ _ _ _ _ _ _ _ _ \npages/recruitment_candidates_page.py:95: in click_on_recruitment_item\n    self.wait.until(EC.element_to_be_clickable(self.CHOOSE_RECRUITMENT_FROM_MENU)).click()\n_ _ _ _ _ _ _ _ _ _ _ _ _ _ _ _ _ _ _ _ _ _ _ _ _ _ _ _ _ _ _ _ _ _ _ _ _ _ _ _ \n\nself = <selenium.webdriver.support.wait.WebDriverWait (session=\"4a13862423e46f24d44c250d22439652\")>\nmethod = <function element_to_be_clickable.<locals>._predicate at 0x7f66d961b100>\nmessage = ''\n\n    def until(self, method: Callable[[D], Union[Literal[False], T]], message: str = \"\") -> T:\n        \"\"\"Calls the method provided with the driver as an argument until the \\\n        return value does not evaluate to ``False``.\n    \n        :param method: callable(WebDriver)\n        :param message: optional message for :exc:`TimeoutException`\n        :returns: the result of the last call to `method`\n        :raises: :exc:`selenium.common.exceptions.TimeoutException` if timeout occurs\n        \"\"\"\n        screen = None\n        stacktrace = None\n    \n        end_time = time.monotonic() + self._timeout\n        while True:\n            try:\n                value = method(self._driver)\n                if value:\n                    return value\n            except self._ignored_exceptions as exc:\n                screen = getattr(exc, \"screen\", None)\n                stacktrace = getattr(exc, \"stacktrace\", None)\n            time.sleep(self._poll)\n            if time.monotonic() > end_time:\n                break\n>       raise TimeoutException(message, screen, stacktrace)\nE       selenium.common.exceptions.TimeoutException: Message: \nE       Stacktrace:\nE       #0 0x5586c3488993 <unknown>\nE       #1 0x5586c3183136 <unknown>\nE       #2 0x5586c31cdd48 <unknown>\nE       #3 0x5586c31cde01 <unknown>\nE       #4 0x5586c3210e44 <unknown>\nE       #5 0x5586c31efcfd <unknown>\nE       #6 0x5586c320e319 <unknown>\nE       #7 0x5586c31efa73 <unknown>\nE       #8 0x5586c31c0c93 <unknown>\nE       #9 0x5586c31c165e <unknown>\nE       #10 0x5586c344d08b <unknown>\nE       #11 0x5586c3451005 <unknown>\nE       #12 0x5586c343b491 <unknown>\nE       #13 0x5586c3451b92 <unknown>\nE       #14 0x5586c34209ef <unknown>\nE       #15 0x5586c3477df8 <unknown>\nE       #16 0x5586c3477fcb <unknown>\nE       #17 0x5586c3487ae4 <unknown>\nE       #18 0x7fc427294ac3 <unknown>\n\n/opt/hostedtoolcache/Python/3.12.2/x64/lib/python3.12/site-packages/selenium/webdriver/support/wait.py:105: TimeoutException","flaky":false,"newFailed":false,"newBroken":false,"newPassed":false,"retriesCount":0,"retriesStatusChange":false,"beforeStages":[{"name":"driver","time":{"start":1712230611930,"stop":1712230612212,"duration":282},"status":"passed","steps":[],"attachments":[],"parameters":[],"stepsCount":0,"attachmentsCount":0,"hasContent":false,"attachmentStep":false,"shouldDisplayMessage":false},{"name":"setup","time":{"start":1712230612212,"stop":1712230612213,"duration":1},"status":"passed","steps":[],"attachments":[],"parameters":[],"stepsCount":0,"attachmentsCount":0,"hasContent":false,"attachmentStep":false,"shouldDisplayMessage":false}],"afterStages":[{"name":"driver::0","time":{"start":1712230630162,"stop":1712230630162,"duration":0},"status":"passed","steps":[],"attachments":[],"parameters":[],"stepsCount":0,"attachmentsCount":0,"hasContent":false,"attachmentStep":false,"shouldDisplayMessage":false}],"labels":[{"name":"parentSuite","value":"tests"},{"name":"suite","value":"features_profile_test"},{"name":"subSuite","value":"TestRecruitmentCandidate"},{"name":"host","value":"fv-az801-286"},{"name":"thread","value":"2278-MainThread"},{"name":"framework","value":"pytest"},{"name":"language","value":"cpython3"},{"name":"package","value":"tests.features_profile_test"},{"name":"resultFormat","value":"allure2"}],"parameters":[],"links":[],"hidden":false,"retry":false,"extra":{"severity":"normal","retries":[],"categories":[{"name":"Test defects","matchedStatuses":[],"flaky":false}],"history":{"statistic":{"failed":0,"broken":2,"skipped":0,"passed":1,"unknown":0,"total":3},"items":[{"uid":"f079628f7105fc29","reportUrl":"https://PetyaPidkovych07.github.io/DemoUI/54//#testresult/f079628f7105fc29","status":"broken","statusDetails":"selenium.common.exceptions.ElementClickInterceptedException: Message: element click intercepted: Element <button data-v-10d463b7=\"\" type=\"submit\" class=\"oxd-button oxd-button--medium oxd-button--secondary orangehrm-left-space\">...</button> is not clickable at point (1783, 481). Other element would receive the click: <div class=\"--holiday-full oxd-calendar-date\">...</div>\n  (Session info: chrome-headless-shell=123.0.6312.58)\nStacktrace:\n#0 0x55de3f04d993 <unknown>\n#1 0x55de3ed48136 <unknown>\n#2 0x55de3ed99963 <unknown>\n#3 0x55de3ed9787e <unknown>\n#4 0x55de3ed95257 <unknown>\n#5 0x55de3ed94622 <unknown>\n#6 0x55de3ed87c07 <unknown>\n#7 0x55de3edb4cd2 <unknown>\n#8 0x55de3ed87598 <unknown>\n#9 0x55de3edb4e9e <unknown>\n#10 0x55de3edd3319 <unknown>\n#11 0x55de3edb4a73 <unknown>\n#12 0x55de3ed85c93 <unknown>\n#13 0x55de3ed8665e <unknown>\n#14 0x55de3f01208b <unknown>\n#15 0x55de3f016005 <unknown>\n#16 0x55de3f000491 <unknown>\n#17 0x55de3f016b92 <unknown>\n#18 0x55de3efe59ef <unknown>\n#19 0x55de3f03cdf8 <unknown>\n#20 0x55de3f03cfcb <unknown>\n#21 0x55de3f04cae4 <unknown>\n#22 0x7fcd30294ac3 <unknown>","time":{"start":1712222176583,"stop":1712222211134,"duration":34551}},{"uid":"dc24830dc2ac2ce1","reportUrl":"https://PetyaPidkovych07.github.io/DemoUI/53//#testresult/dc24830dc2ac2ce1","status":"passed","time":{"start":1712215381003,"stop":1712215417200,"duration":36197}}]},"tags":[]},"source":"186e431e058e1523.json","parameterValues":[]}