{"uid":"288860f7fcc30204","name":"test_sorted_descending_hiring","fullName":"tests.features_profile_test.TestRecruitmentCandidate#test_sorted_descending_hiring","historyId":"c7b56716c5ff88e6391b73c607846626","time":{"start":1712230540961,"stop":1712230558242,"duration":17281},"status":"broken","statusMessage":"selenium.common.exceptions.TimeoutException: Message: \nStacktrace:\n#0 0x562fc84cd993 <unknown>\n#1 0x562fc81c8136 <unknown>\n#2 0x562fc8212d48 <unknown>\n#3 0x562fc8212e01 <unknown>\n#4 0x562fc8255e44 <unknown>\n#5 0x562fc8234cfd <unknown>\n#6 0x562fc8253319 <unknown>\n#7 0x562fc8234a73 <unknown>\n#8 0x562fc8205c93 <unknown>\n#9 0x562fc820665e <unknown>\n#10 0x562fc849208b <unknown>\n#11 0x562fc8496005 <unknown>\n#12 0x562fc8480491 <unknown>\n#13 0x562fc8496b92 <unknown>\n#14 0x562fc84659ef <unknown>\n#15 0x562fc84bcdf8 <unknown>\n#16 0x562fc84bcfcb <unknown>\n#17 0x562fc84ccae4 <unknown>\n#18 0x7f9c20294ac3 <unknown>","statusTrace":"self = <tests.features_profile_test.TestRecruitmentCandidate object at 0x7f66d973ecf0>\n\n    def test_sorted_descending_hiring(self):\n        self.login_page.open()\n        self.login_page.enter_login()\n        self.login_page.enter_password()\n        self.login_page.click_on_submit_button()\n>       self.recruitment_candidate_page.click_on_recruitment_item()\n\ntests/features_profile_test.py:565: \n_ _ _ _ _ _ _ _ _ _ _ _ _ _ _ _ _ _ _ _ _ _ _ _ _ _ _ _ _ _ _ _ _ _ _ _ _ _ _ _ \npages/recruitment_candidates_page.py:95: in click_on_recruitment_item\n    self.wait.until(EC.element_to_be_clickable(self.CHOOSE_RECRUITMENT_FROM_MENU)).click()\n_ _ _ _ _ _ _ _ _ _ _ _ _ _ _ _ _ _ _ _ _ _ _ _ _ _ _ _ _ _ _ _ _ _ _ _ _ _ _ _ \n\nself = <selenium.webdriver.support.wait.WebDriverWait (session=\"c0e0fba47544f4742ef2834d904141ec\")>\nmethod = <function element_to_be_clickable.<locals>._predicate at 0x7f66d961aac0>\nmessage = ''\n\n    def until(self, method: Callable[[D], Union[Literal[False], T]], message: str = \"\") -> T:\n        \"\"\"Calls the method provided with the driver as an argument until the \\\n        return value does not evaluate to ``False``.\n    \n        :param method: callable(WebDriver)\n        :param message: optional message for :exc:`TimeoutException`\n        :returns: the result of the last call to `method`\n        :raises: :exc:`selenium.common.exceptions.TimeoutException` if timeout occurs\n        \"\"\"\n        screen = None\n        stacktrace = None\n    \n        end_time = time.monotonic() + self._timeout\n        while True:\n            try:\n                value = method(self._driver)\n                if value:\n                    return value\n            except self._ignored_exceptions as exc:\n                screen = getattr(exc, \"screen\", None)\n                stacktrace = getattr(exc, \"stacktrace\", None)\n            time.sleep(self._poll)\n            if time.monotonic() > end_time:\n                break\n>       raise TimeoutException(message, screen, stacktrace)\nE       selenium.common.exceptions.TimeoutException: Message: \nE       Stacktrace:\nE       #0 0x562fc84cd993 <unknown>\nE       #1 0x562fc81c8136 <unknown>\nE       #2 0x562fc8212d48 <unknown>\nE       #3 0x562fc8212e01 <unknown>\nE       #4 0x562fc8255e44 <unknown>\nE       #5 0x562fc8234cfd <unknown>\nE       #6 0x562fc8253319 <unknown>\nE       #7 0x562fc8234a73 <unknown>\nE       #8 0x562fc8205c93 <unknown>\nE       #9 0x562fc820665e <unknown>\nE       #10 0x562fc849208b <unknown>\nE       #11 0x562fc8496005 <unknown>\nE       #12 0x562fc8480491 <unknown>\nE       #13 0x562fc8496b92 <unknown>\nE       #14 0x562fc84659ef <unknown>\nE       #15 0x562fc84bcdf8 <unknown>\nE       #16 0x562fc84bcfcb <unknown>\nE       #17 0x562fc84ccae4 <unknown>\nE       #18 0x7f9c20294ac3 <unknown>\n\n/opt/hostedtoolcache/Python/3.12.2/x64/lib/python3.12/site-packages/selenium/webdriver/support/wait.py:105: TimeoutException","flaky":false,"newFailed":false,"newBroken":true,"newPassed":false,"retriesCount":0,"retriesStatusChange":false,"beforeStages":[{"name":"driver","time":{"start":1712230540677,"stop":1712230540960,"duration":283},"status":"passed","steps":[],"attachments":[],"parameters":[],"stepsCount":0,"attachmentsCount":0,"hasContent":false,"attachmentStep":false,"shouldDisplayMessage":false},{"name":"setup","time":{"start":1712230540961,"stop":1712230540961,"duration":0},"status":"passed","steps":[],"attachments":[],"parameters":[],"stepsCount":0,"attachmentsCount":0,"hasContent":false,"attachmentStep":false,"shouldDisplayMessage":false}],"afterStages":[{"name":"driver::0","time":{"start":1712230558437,"stop":1712230558437,"duration":0},"status":"passed","steps":[],"attachments":[],"parameters":[],"stepsCount":0,"attachmentsCount":0,"hasContent":false,"attachmentStep":false,"shouldDisplayMessage":false}],"labels":[{"name":"parentSuite","value":"tests"},{"name":"suite","value":"features_profile_test"},{"name":"subSuite","value":"TestRecruitmentCandidate"},{"name":"host","value":"fv-az801-286"},{"name":"thread","value":"2278-MainThread"},{"name":"framework","value":"pytest"},{"name":"language","value":"cpython3"},{"name":"package","value":"tests.features_profile_test"},{"name":"resultFormat","value":"allure2"}],"parameters":[],"links":[],"hidden":false,"retry":false,"extra":{"severity":"normal","retries":[],"categories":[{"name":"Test defects","matchedStatuses":[],"flaky":false}],"history":{"statistic":{"failed":0,"broken":1,"skipped":0,"passed":2,"unknown":0,"total":3},"items":[{"uid":"e5a76d46e0659ecb","reportUrl":"https://PetyaPidkovych07.github.io/DemoUI/54//#testresult/e5a76d46e0659ecb","status":"passed","time":{"start":1712222066993,"stop":1712222084959,"duration":17966}},{"uid":"597a1e484a45814b","reportUrl":"https://PetyaPidkovych07.github.io/DemoUI/53//#testresult/597a1e484a45814b","status":"passed","time":{"start":1712215265269,"stop":1712215284717,"duration":19448}}]},"tags":[]},"source":"288860f7fcc30204.json","parameterValues":[]}