{"uid":"2ad5609076bbb288","name":"test_sorted_ascending_vacancy","fullName":"tests.features_profile_test.TestRecruitmentCandidate#test_sorted_ascending_vacancy","historyId":"54b8c6e656970b6a8772881349fe6830","time":{"start":1712230452192,"stop":1712230469435,"duration":17243},"status":"broken","statusMessage":"selenium.common.exceptions.TimeoutException: Message: \nStacktrace:\n#0 0x563951f11993 <unknown>\n#1 0x563951c0c136 <unknown>\n#2 0x563951c56d48 <unknown>\n#3 0x563951c56e01 <unknown>\n#4 0x563951c99e44 <unknown>\n#5 0x563951c78cfd <unknown>\n#6 0x563951c97319 <unknown>\n#7 0x563951c78a73 <unknown>\n#8 0x563951c49c93 <unknown>\n#9 0x563951c4a65e <unknown>\n#10 0x563951ed608b <unknown>\n#11 0x563951eda005 <unknown>\n#12 0x563951ec4491 <unknown>\n#13 0x563951edab92 <unknown>\n#14 0x563951ea99ef <unknown>\n#15 0x563951f00df8 <unknown>\n#16 0x563951f00fcb <unknown>\n#17 0x563951f10ae4 <unknown>\n#18 0x7f0e92e94ac3 <unknown>","statusTrace":"self = <tests.features_profile_test.TestRecruitmentCandidate object at 0x7f66d973d310>\n\n    def test_sorted_ascending_vacancy(self):\n        self.login_page.open()\n        self.login_page.enter_login()\n        self.login_page.enter_password()\n        self.login_page.click_on_submit_button()\n>       self.recruitment_candidate_page.click_on_recruitment_item()\n\ntests/features_profile_test.py:512: \n_ _ _ _ _ _ _ _ _ _ _ _ _ _ _ _ _ _ _ _ _ _ _ _ _ _ _ _ _ _ _ _ _ _ _ _ _ _ _ _ \npages/recruitment_candidates_page.py:95: in click_on_recruitment_item\n    self.wait.until(EC.element_to_be_clickable(self.CHOOSE_RECRUITMENT_FROM_MENU)).click()\n_ _ _ _ _ _ _ _ _ _ _ _ _ _ _ _ _ _ _ _ _ _ _ _ _ _ _ _ _ _ _ _ _ _ _ _ _ _ _ _ \n\nself = <selenium.webdriver.support.wait.WebDriverWait (session=\"8e09e448bd1b7b0c0a73ed73ee209a84\")>\nmethod = <function element_to_be_clickable.<locals>._predicate at 0x7f66d9619080>\nmessage = ''\n\n    def until(self, method: Callable[[D], Union[Literal[False], T]], message: str = \"\") -> T:\n        \"\"\"Calls the method provided with the driver as an argument until the \\\n        return value does not evaluate to ``False``.\n    \n        :param method: callable(WebDriver)\n        :param message: optional message for :exc:`TimeoutException`\n        :returns: the result of the last call to `method`\n        :raises: :exc:`selenium.common.exceptions.TimeoutException` if timeout occurs\n        \"\"\"\n        screen = None\n        stacktrace = None\n    \n        end_time = time.monotonic() + self._timeout\n        while True:\n            try:\n                value = method(self._driver)\n                if value:\n                    return value\n            except self._ignored_exceptions as exc:\n                screen = getattr(exc, \"screen\", None)\n                stacktrace = getattr(exc, \"stacktrace\", None)\n            time.sleep(self._poll)\n            if time.monotonic() > end_time:\n                break\n>       raise TimeoutException(message, screen, stacktrace)\nE       selenium.common.exceptions.TimeoutException: Message: \nE       Stacktrace:\nE       #0 0x563951f11993 <unknown>\nE       #1 0x563951c0c136 <unknown>\nE       #2 0x563951c56d48 <unknown>\nE       #3 0x563951c56e01 <unknown>\nE       #4 0x563951c99e44 <unknown>\nE       #5 0x563951c78cfd <unknown>\nE       #6 0x563951c97319 <unknown>\nE       #7 0x563951c78a73 <unknown>\nE       #8 0x563951c49c93 <unknown>\nE       #9 0x563951c4a65e <unknown>\nE       #10 0x563951ed608b <unknown>\nE       #11 0x563951eda005 <unknown>\nE       #12 0x563951ec4491 <unknown>\nE       #13 0x563951edab92 <unknown>\nE       #14 0x563951ea99ef <unknown>\nE       #15 0x563951f00df8 <unknown>\nE       #16 0x563951f00fcb <unknown>\nE       #17 0x563951f10ae4 <unknown>\nE       #18 0x7f0e92e94ac3 <unknown>\n\n/opt/hostedtoolcache/Python/3.12.2/x64/lib/python3.12/site-packages/selenium/webdriver/support/wait.py:105: TimeoutException","flaky":false,"newFailed":false,"newBroken":true,"newPassed":false,"retriesCount":0,"retriesStatusChange":false,"beforeStages":[{"name":"driver","time":{"start":1712230451907,"stop":1712230452191,"duration":284},"status":"passed","steps":[],"attachments":[],"parameters":[],"stepsCount":0,"attachmentsCount":0,"hasContent":false,"attachmentStep":false,"shouldDisplayMessage":false},{"name":"setup","time":{"start":1712230452191,"stop":1712230452191,"duration":0},"status":"passed","steps":[],"attachments":[],"parameters":[],"stepsCount":0,"attachmentsCount":0,"hasContent":false,"attachmentStep":false,"shouldDisplayMessage":false}],"afterStages":[{"name":"driver::0","time":{"start":1712230469463,"stop":1712230469463,"duration":0},"status":"passed","steps":[],"attachments":[],"parameters":[],"stepsCount":0,"attachmentsCount":0,"hasContent":false,"attachmentStep":false,"shouldDisplayMessage":false}],"labels":[{"name":"parentSuite","value":"tests"},{"name":"suite","value":"features_profile_test"},{"name":"subSuite","value":"TestRecruitmentCandidate"},{"name":"host","value":"fv-az801-286"},{"name":"thread","value":"2278-MainThread"},{"name":"framework","value":"pytest"},{"name":"language","value":"cpython3"},{"name":"package","value":"tests.features_profile_test"},{"name":"resultFormat","value":"allure2"}],"parameters":[],"links":[],"hidden":false,"retry":false,"extra":{"severity":"normal","retries":[],"categories":[{"name":"Test defects","matchedStatuses":[],"flaky":false}],"history":{"statistic":{"failed":0,"broken":1,"skipped":0,"passed":2,"unknown":0,"total":3},"items":[{"uid":"fd14fcbcd24d2d87","reportUrl":"https://PetyaPidkovych07.github.io/DemoUI/54//#testresult/fd14fcbcd24d2d87","status":"passed","time":{"start":1712221972676,"stop":1712221990869,"duration":18193}},{"uid":"e3c14c243ff9e144","reportUrl":"https://PetyaPidkovych07.github.io/DemoUI/53//#testresult/e3c14c243ff9e144","status":"passed","time":{"start":1712215167543,"stop":1712215186965,"duration":19422}}]},"tags":[]},"source":"2ad5609076bbb288.json","parameterValues":[]}