{"uid":"4ffa6bb7c5e8a529","name":"test_found_only_qa_lead_after_chosen_from_dropdown","fullName":"tests.features_profile_test.TestRecruitmentCandidate#test_found_only_qa_lead_after_chosen_from_dropdown","historyId":"7a967b9162381db2ac84d15d7415e1c9","time":{"start":1712230363124,"stop":1712230380765,"duration":17641},"status":"broken","statusMessage":"selenium.common.exceptions.TimeoutException: Message: \nStacktrace:\n#0 0x558a91f52993 <unknown>\n#1 0x558a91c4d136 <unknown>\n#2 0x558a91c97d48 <unknown>\n#3 0x558a91c97e01 <unknown>\n#4 0x558a91cdae44 <unknown>\n#5 0x558a91cb9cfd <unknown>\n#6 0x558a91cd8319 <unknown>\n#7 0x558a91cb9a73 <unknown>\n#8 0x558a91c8ac93 <unknown>\n#9 0x558a91c8b65e <unknown>\n#10 0x558a91f1708b <unknown>\n#11 0x558a91f1b005 <unknown>\n#12 0x558a91f05491 <unknown>\n#13 0x558a91f1bb92 <unknown>\n#14 0x558a91eea9ef <unknown>\n#15 0x558a91f41df8 <unknown>\n#16 0x558a91f41fcb <unknown>\n#17 0x558a91f51ae4 <unknown>\n#18 0x7f049e494ac3 <unknown>","statusTrace":"self = <tests.features_profile_test.TestRecruitmentCandidate object at 0x7f66d973d580>\n\n    def test_found_only_qa_lead_after_chosen_from_dropdown(self):\n        self.login_page.open()\n        self.login_page.enter_login()\n        self.login_page.enter_password()\n        self.login_page.click_on_submit_button()\n>       self.recruitment_candidate_page.click_on_recruitment_item()\n\ntests/features_profile_test.py:450: \n_ _ _ _ _ _ _ _ _ _ _ _ _ _ _ _ _ _ _ _ _ _ _ _ _ _ _ _ _ _ _ _ _ _ _ _ _ _ _ _ \npages/recruitment_candidates_page.py:95: in click_on_recruitment_item\n    self.wait.until(EC.element_to_be_clickable(self.CHOOSE_RECRUITMENT_FROM_MENU)).click()\n_ _ _ _ _ _ _ _ _ _ _ _ _ _ _ _ _ _ _ _ _ _ _ _ _ _ _ _ _ _ _ _ _ _ _ _ _ _ _ _ \n\nself = <selenium.webdriver.support.wait.WebDriverWait (session=\"7be5fca69c0bcb7e0a3b3eaf9e1308a2\")>\nmethod = <function element_to_be_clickable.<locals>._predicate at 0x7f66d9bee480>\nmessage = ''\n\n    def until(self, method: Callable[[D], Union[Literal[False], T]], message: str = \"\") -> T:\n        \"\"\"Calls the method provided with the driver as an argument until the \\\n        return value does not evaluate to ``False``.\n    \n        :param method: callable(WebDriver)\n        :param message: optional message for :exc:`TimeoutException`\n        :returns: the result of the last call to `method`\n        :raises: :exc:`selenium.common.exceptions.TimeoutException` if timeout occurs\n        \"\"\"\n        screen = None\n        stacktrace = None\n    \n        end_time = time.monotonic() + self._timeout\n        while True:\n            try:\n                value = method(self._driver)\n                if value:\n                    return value\n            except self._ignored_exceptions as exc:\n                screen = getattr(exc, \"screen\", None)\n                stacktrace = getattr(exc, \"stacktrace\", None)\n            time.sleep(self._poll)\n            if time.monotonic() > end_time:\n                break\n>       raise TimeoutException(message, screen, stacktrace)\nE       selenium.common.exceptions.TimeoutException: Message: \nE       Stacktrace:\nE       #0 0x558a91f52993 <unknown>\nE       #1 0x558a91c4d136 <unknown>\nE       #2 0x558a91c97d48 <unknown>\nE       #3 0x558a91c97e01 <unknown>\nE       #4 0x558a91cdae44 <unknown>\nE       #5 0x558a91cb9cfd <unknown>\nE       #6 0x558a91cd8319 <unknown>\nE       #7 0x558a91cb9a73 <unknown>\nE       #8 0x558a91c8ac93 <unknown>\nE       #9 0x558a91c8b65e <unknown>\nE       #10 0x558a91f1708b <unknown>\nE       #11 0x558a91f1b005 <unknown>\nE       #12 0x558a91f05491 <unknown>\nE       #13 0x558a91f1bb92 <unknown>\nE       #14 0x558a91eea9ef <unknown>\nE       #15 0x558a91f41df8 <unknown>\nE       #16 0x558a91f41fcb <unknown>\nE       #17 0x558a91f51ae4 <unknown>\nE       #18 0x7f049e494ac3 <unknown>\n\n/opt/hostedtoolcache/Python/3.12.2/x64/lib/python3.12/site-packages/selenium/webdriver/support/wait.py:105: TimeoutException","flaky":false,"newFailed":false,"newBroken":true,"newPassed":false,"retriesCount":0,"retriesStatusChange":false,"beforeStages":[{"name":"driver","time":{"start":1712230362840,"stop":1712230363123,"duration":283},"status":"passed","steps":[],"attachments":[],"parameters":[],"stepsCount":0,"attachmentsCount":0,"hasContent":false,"attachmentStep":false,"shouldDisplayMessage":false},{"name":"setup","time":{"start":1712230363123,"stop":1712230363123,"duration":0},"status":"passed","steps":[],"attachments":[],"parameters":[],"stepsCount":0,"attachmentsCount":0,"hasContent":false,"attachmentStep":false,"shouldDisplayMessage":false}],"afterStages":[{"name":"driver::0","time":{"start":1712230380792,"stop":1712230380792,"duration":0},"status":"passed","steps":[],"attachments":[],"parameters":[],"stepsCount":0,"attachmentsCount":0,"hasContent":false,"attachmentStep":false,"shouldDisplayMessage":false}],"labels":[{"name":"parentSuite","value":"tests"},{"name":"suite","value":"features_profile_test"},{"name":"subSuite","value":"TestRecruitmentCandidate"},{"name":"host","value":"fv-az801-286"},{"name":"thread","value":"2278-MainThread"},{"name":"framework","value":"pytest"},{"name":"language","value":"cpython3"},{"name":"package","value":"tests.features_profile_test"},{"name":"resultFormat","value":"allure2"}],"parameters":[],"links":[],"hidden":false,"retry":false,"extra":{"severity":"normal","retries":[],"categories":[{"name":"Test defects","matchedStatuses":[],"flaky":false}],"history":{"statistic":{"failed":3,"broken":1,"skipped":0,"passed":0,"unknown":0,"total":4},"items":[{"uid":"28f4798dd3bd9844","reportUrl":"https://PetyaPidkovych07.github.io/DemoUI/54//#testresult/28f4798dd3bd9844","status":"failed","statusDetails":"AssertionError","time":{"start":1712221928478,"stop":1712221937038,"duration":8560}},{"uid":"9b1411fdc1adf39","reportUrl":"https://PetyaPidkovych07.github.io/DemoUI/53//#testresult/9b1411fdc1adf39","status":"failed","statusDetails":"AssertionError","time":{"start":1712215119271,"stop":1712215129779,"duration":10508}},{"uid":"fddac58234dd85c9","reportUrl":"https://PetyaPidkovych07.github.io/DemoUI/47//#testresult/fddac58234dd85c9","status":"failed","statusDetails":"AssertionError","time":{"start":1711616004714,"stop":1711616015123,"duration":10409}}]},"tags":[]},"source":"4ffa6bb7c5e8a529.json","parameterValues":[]}