{"uid":"5275a077ced0a139","name":"test_found_only_rejected_status_chosen_from_dropdown","fullName":"tests.features_profile_test.TestRecruitmentCandidate#test_found_only_rejected_status_chosen_from_dropdown","historyId":"818b93051d6d65f75220e1fc8c1f0749","time":{"start":1712230434577,"stop":1712230451879,"duration":17302},"status":"broken","statusMessage":"selenium.common.exceptions.TimeoutException: Message: \nStacktrace:\n#0 0x56259ea1d993 <unknown>\n#1 0x56259e718136 <unknown>\n#2 0x56259e762d48 <unknown>\n#3 0x56259e762e01 <unknown>\n#4 0x56259e7a5e44 <unknown>\n#5 0x56259e784cfd <unknown>\n#6 0x56259e7a3319 <unknown>\n#7 0x56259e784a73 <unknown>\n#8 0x56259e755c93 <unknown>\n#9 0x56259e75665e <unknown>\n#10 0x56259e9e208b <unknown>\n#11 0x56259e9e6005 <unknown>\n#12 0x56259e9d0491 <unknown>\n#13 0x56259e9e6b92 <unknown>\n#14 0x56259e9b59ef <unknown>\n#15 0x56259ea0cdf8 <unknown>\n#16 0x56259ea0cfcb <unknown>\n#17 0x56259ea1cae4 <unknown>\n#18 0x7fef14694ac3 <unknown>","statusTrace":"self = <tests.features_profile_test.TestRecruitmentCandidate object at 0x7f66d973c830>\n\n    def test_found_only_rejected_status_chosen_from_dropdown(self):\n        self.login_page.open()\n        self.login_page.enter_login()\n        self.login_page.enter_password()\n        self.login_page.click_on_submit_button()\n>       self.recruitment_candidate_page.click_on_recruitment_item()\n\ntests/features_profile_test.py:500: \n_ _ _ _ _ _ _ _ _ _ _ _ _ _ _ _ _ _ _ _ _ _ _ _ _ _ _ _ _ _ _ _ _ _ _ _ _ _ _ _ \npages/recruitment_candidates_page.py:95: in click_on_recruitment_item\n    self.wait.until(EC.element_to_be_clickable(self.CHOOSE_RECRUITMENT_FROM_MENU)).click()\n_ _ _ _ _ _ _ _ _ _ _ _ _ _ _ _ _ _ _ _ _ _ _ _ _ _ _ _ _ _ _ _ _ _ _ _ _ _ _ _ \n\nself = <selenium.webdriver.support.wait.WebDriverWait (session=\"4fa9485ba16b831f5b6173f4e51ceacd\")>\nmethod = <function element_to_be_clickable.<locals>._predicate at 0x7f66d9619c60>\nmessage = ''\n\n    def until(self, method: Callable[[D], Union[Literal[False], T]], message: str = \"\") -> T:\n        \"\"\"Calls the method provided with the driver as an argument until the \\\n        return value does not evaluate to ``False``.\n    \n        :param method: callable(WebDriver)\n        :param message: optional message for :exc:`TimeoutException`\n        :returns: the result of the last call to `method`\n        :raises: :exc:`selenium.common.exceptions.TimeoutException` if timeout occurs\n        \"\"\"\n        screen = None\n        stacktrace = None\n    \n        end_time = time.monotonic() + self._timeout\n        while True:\n            try:\n                value = method(self._driver)\n                if value:\n                    return value\n            except self._ignored_exceptions as exc:\n                screen = getattr(exc, \"screen\", None)\n                stacktrace = getattr(exc, \"stacktrace\", None)\n            time.sleep(self._poll)\n            if time.monotonic() > end_time:\n                break\n>       raise TimeoutException(message, screen, stacktrace)\nE       selenium.common.exceptions.TimeoutException: Message: \nE       Stacktrace:\nE       #0 0x56259ea1d993 <unknown>\nE       #1 0x56259e718136 <unknown>\nE       #2 0x56259e762d48 <unknown>\nE       #3 0x56259e762e01 <unknown>\nE       #4 0x56259e7a5e44 <unknown>\nE       #5 0x56259e784cfd <unknown>\nE       #6 0x56259e7a3319 <unknown>\nE       #7 0x56259e784a73 <unknown>\nE       #8 0x56259e755c93 <unknown>\nE       #9 0x56259e75665e <unknown>\nE       #10 0x56259e9e208b <unknown>\nE       #11 0x56259e9e6005 <unknown>\nE       #12 0x56259e9d0491 <unknown>\nE       #13 0x56259e9e6b92 <unknown>\nE       #14 0x56259e9b59ef <unknown>\nE       #15 0x56259ea0cdf8 <unknown>\nE       #16 0x56259ea0cfcb <unknown>\nE       #17 0x56259ea1cae4 <unknown>\nE       #18 0x7fef14694ac3 <unknown>\n\n/opt/hostedtoolcache/Python/3.12.2/x64/lib/python3.12/site-packages/selenium/webdriver/support/wait.py:105: TimeoutException","flaky":false,"newFailed":false,"newBroken":true,"newPassed":false,"retriesCount":0,"retriesStatusChange":false,"beforeStages":[{"name":"driver","time":{"start":1712230434294,"stop":1712230434576,"duration":282},"status":"passed","steps":[],"attachments":[],"parameters":[],"stepsCount":0,"attachmentsCount":0,"hasContent":false,"attachmentStep":false,"shouldDisplayMessage":false},{"name":"setup","time":{"start":1712230434576,"stop":1712230434576,"duration":0},"status":"passed","steps":[],"attachments":[],"parameters":[],"stepsCount":0,"attachmentsCount":0,"hasContent":false,"attachmentStep":false,"shouldDisplayMessage":false}],"afterStages":[{"name":"driver::0","time":{"start":1712230451906,"stop":1712230451906,"duration":0},"status":"passed","steps":[],"attachments":[],"parameters":[],"stepsCount":0,"attachmentsCount":0,"hasContent":false,"attachmentStep":false,"shouldDisplayMessage":false}],"labels":[{"name":"parentSuite","value":"tests"},{"name":"suite","value":"features_profile_test"},{"name":"subSuite","value":"TestRecruitmentCandidate"},{"name":"host","value":"fv-az801-286"},{"name":"thread","value":"2278-MainThread"},{"name":"framework","value":"pytest"},{"name":"language","value":"cpython3"},{"name":"package","value":"tests.features_profile_test"},{"name":"resultFormat","value":"allure2"}],"parameters":[],"links":[],"hidden":false,"retry":false,"extra":{"severity":"normal","retries":[],"categories":[{"name":"Test defects","matchedStatuses":[],"flaky":false}],"history":{"statistic":{"failed":1,"broken":1,"skipped":0,"passed":1,"unknown":0,"total":3},"items":[{"uid":"c2e3c3867f03b198","reportUrl":"https://PetyaPidkovych07.github.io/DemoUI/54//#testresult/c2e3c3867f03b198","status":"failed","statusDetails":"AssertionError","time":{"start":1712221963590,"stop":1712221972369,"duration":8779}},{"uid":"9e86ac9c332e9f9f","reportUrl":"https://PetyaPidkovych07.github.io/DemoUI/53//#testresult/9e86ac9c332e9f9f","status":"passed","time":{"start":1712215158219,"stop":1712215167206,"duration":8987}}]},"tags":[]},"source":"5275a077ced0a139.json","parameterValues":[]}