{"uid":"7545cabc27eee280","name":"test_if_search_for_invalid_record_via_calendar","fullName":"tests.features_profile_test.TestRecruitmentCandidate#test_if_search_for_invalid_record_via_calendar","historyId":"e225ae5887594802fb0d1ec4c75dceb9","time":{"start":1712230630447,"stop":1712230647893,"duration":17446},"status":"broken","statusMessage":"selenium.common.exceptions.TimeoutException: Message: \nStacktrace:\n#0 0x55d946a02993 <unknown>\n#1 0x55d9466fd136 <unknown>\n#2 0x55d946747d48 <unknown>\n#3 0x55d946747e01 <unknown>\n#4 0x55d94678ae44 <unknown>\n#5 0x55d946769cfd <unknown>\n#6 0x55d946788319 <unknown>\n#7 0x55d946769a73 <unknown>\n#8 0x55d94673ac93 <unknown>\n#9 0x55d94673b65e <unknown>\n#10 0x55d9469c708b <unknown>\n#11 0x55d9469cb005 <unknown>\n#12 0x55d9469b5491 <unknown>\n#13 0x55d9469cbb92 <unknown>\n#14 0x55d94699a9ef <unknown>\n#15 0x55d9469f1df8 <unknown>\n#16 0x55d9469f1fcb <unknown>\n#17 0x55d946a01ae4 <unknown>\n#18 0x7fc187e94ac3 <unknown>","statusTrace":"self = <tests.features_profile_test.TestRecruitmentCandidate object at 0x7f66d973f650>\n\n    def test_if_search_for_invalid_record_via_calendar(self):\n        self.login_page.open()\n        self.login_page.enter_login()\n        self.login_page.enter_password()\n        self.login_page.click_on_submit_button()\n>       self.recruitment_candidate_page.click_on_recruitment_item()\n\ntests/features_profile_test.py:616: \n_ _ _ _ _ _ _ _ _ _ _ _ _ _ _ _ _ _ _ _ _ _ _ _ _ _ _ _ _ _ _ _ _ _ _ _ _ _ _ _ \npages/recruitment_candidates_page.py:95: in click_on_recruitment_item\n    self.wait.until(EC.element_to_be_clickable(self.CHOOSE_RECRUITMENT_FROM_MENU)).click()\n_ _ _ _ _ _ _ _ _ _ _ _ _ _ _ _ _ _ _ _ _ _ _ _ _ _ _ _ _ _ _ _ _ _ _ _ _ _ _ _ \n\nself = <selenium.webdriver.support.wait.WebDriverWait (session=\"c85094c0b96b2ec6c8006f196d97dc4e\")>\nmethod = <function element_to_be_clickable.<locals>._predicate at 0x7f66d9583ec0>\nmessage = ''\n\n    def until(self, method: Callable[[D], Union[Literal[False], T]], message: str = \"\") -> T:\n        \"\"\"Calls the method provided with the driver as an argument until the \\\n        return value does not evaluate to ``False``.\n    \n        :param method: callable(WebDriver)\n        :param message: optional message for :exc:`TimeoutException`\n        :returns: the result of the last call to `method`\n        :raises: :exc:`selenium.common.exceptions.TimeoutException` if timeout occurs\n        \"\"\"\n        screen = None\n        stacktrace = None\n    \n        end_time = time.monotonic() + self._timeout\n        while True:\n            try:\n                value = method(self._driver)\n                if value:\n                    return value\n            except self._ignored_exceptions as exc:\n                screen = getattr(exc, \"screen\", None)\n                stacktrace = getattr(exc, \"stacktrace\", None)\n            time.sleep(self._poll)\n            if time.monotonic() > end_time:\n                break\n>       raise TimeoutException(message, screen, stacktrace)\nE       selenium.common.exceptions.TimeoutException: Message: \nE       Stacktrace:\nE       #0 0x55d946a02993 <unknown>\nE       #1 0x55d9466fd136 <unknown>\nE       #2 0x55d946747d48 <unknown>\nE       #3 0x55d946747e01 <unknown>\nE       #4 0x55d94678ae44 <unknown>\nE       #5 0x55d946769cfd <unknown>\nE       #6 0x55d946788319 <unknown>\nE       #7 0x55d946769a73 <unknown>\nE       #8 0x55d94673ac93 <unknown>\nE       #9 0x55d94673b65e <unknown>\nE       #10 0x55d9469c708b <unknown>\nE       #11 0x55d9469cb005 <unknown>\nE       #12 0x55d9469b5491 <unknown>\nE       #13 0x55d9469cbb92 <unknown>\nE       #14 0x55d94699a9ef <unknown>\nE       #15 0x55d9469f1df8 <unknown>\nE       #16 0x55d9469f1fcb <unknown>\nE       #17 0x55d946a01ae4 <unknown>\nE       #18 0x7fc187e94ac3 <unknown>\n\n/opt/hostedtoolcache/Python/3.12.2/x64/lib/python3.12/site-packages/selenium/webdriver/support/wait.py:105: TimeoutException","flaky":false,"newFailed":false,"newBroken":true,"newPassed":false,"retriesCount":0,"retriesStatusChange":false,"beforeStages":[{"name":"driver","time":{"start":1712230630164,"stop":1712230630446,"duration":282},"status":"passed","steps":[],"attachments":[],"parameters":[],"stepsCount":0,"attachmentsCount":0,"hasContent":false,"attachmentStep":false,"shouldDisplayMessage":false},{"name":"setup","time":{"start":1712230630447,"stop":1712230630447,"duration":0},"status":"passed","steps":[],"attachments":[],"parameters":[],"stepsCount":0,"attachmentsCount":0,"hasContent":false,"attachmentStep":false,"shouldDisplayMessage":false}],"afterStages":[{"name":"driver::0","time":{"start":1712230647920,"stop":1712230647920,"duration":0},"status":"passed","steps":[],"attachments":[],"parameters":[],"stepsCount":0,"attachmentsCount":0,"hasContent":false,"attachmentStep":false,"shouldDisplayMessage":false}],"labels":[{"name":"parentSuite","value":"tests"},{"name":"suite","value":"features_profile_test"},{"name":"subSuite","value":"TestRecruitmentCandidate"},{"name":"host","value":"fv-az801-286"},{"name":"thread","value":"2278-MainThread"},{"name":"framework","value":"pytest"},{"name":"language","value":"cpython3"},{"name":"package","value":"tests.features_profile_test"},{"name":"resultFormat","value":"allure2"}],"parameters":[],"links":[],"hidden":false,"retry":false,"extra":{"severity":"normal","retries":[],"categories":[{"name":"Test defects","matchedStatuses":[],"flaky":false}],"history":{"statistic":{"failed":0,"broken":1,"skipped":0,"passed":2,"unknown":0,"total":3},"items":[{"uid":"731a997ce9eb6336","reportUrl":"https://PetyaPidkovych07.github.io/DemoUI/54//#testresult/731a997ce9eb6336","status":"passed","time":{"start":1712222211467,"stop":1712222247085,"duration":35618}},{"uid":"a6a67c9f36b7aeaa","reportUrl":"https://PetyaPidkovych07.github.io/DemoUI/53//#testresult/a6a67c9f36b7aeaa","status":"passed","time":{"start":1712215417537,"stop":1712215453575,"duration":36038}}]},"tags":[]},"source":"7545cabc27eee280.json","parameterValues":[]}