{"uid":"8d1c5c95f61dbe1","name":"test_found_only_engineer_chosen_from_dropdown","fullName":"tests.features_profile_test.TestRecruitmentCandidate#test_found_only_engineer_chosen_from_dropdown","historyId":"19587dad1a5ad8af96ef72733fa0485f","time":{"start":1712230416541,"stop":1712230434265,"duration":17724},"status":"broken","statusMessage":"selenium.common.exceptions.TimeoutException: Message: \nStacktrace:\n#0 0x5576c1cc0993 <unknown>\n#1 0x5576c19bb136 <unknown>\n#2 0x5576c1a05d48 <unknown>\n#3 0x5576c1a05e01 <unknown>\n#4 0x5576c1a48e44 <unknown>\n#5 0x5576c1a27cfd <unknown>\n#6 0x5576c1a46319 <unknown>\n#7 0x5576c1a27a73 <unknown>\n#8 0x5576c19f8c93 <unknown>\n#9 0x5576c19f965e <unknown>\n#10 0x5576c1c8508b <unknown>\n#11 0x5576c1c89005 <unknown>\n#12 0x5576c1c73491 <unknown>\n#13 0x5576c1c89b92 <unknown>\n#14 0x5576c1c589ef <unknown>\n#15 0x5576c1cafdf8 <unknown>\n#16 0x5576c1caffcb <unknown>\n#17 0x5576c1cbfae4 <unknown>\n#18 0x7f629a894ac3 <unknown>","statusTrace":"self = <tests.features_profile_test.TestRecruitmentCandidate object at 0x7f66d972b4a0>\n\n    def test_found_only_engineer_chosen_from_dropdown(self):\n        self.login_page.open()\n        self.login_page.enter_login()\n        self.login_page.enter_password()\n        self.login_page.click_on_submit_button()\n>       self.recruitment_candidate_page.click_on_recruitment_item()\n\ntests/features_profile_test.py:488: \n_ _ _ _ _ _ _ _ _ _ _ _ _ _ _ _ _ _ _ _ _ _ _ _ _ _ _ _ _ _ _ _ _ _ _ _ _ _ _ _ \npages/recruitment_candidates_page.py:95: in click_on_recruitment_item\n    self.wait.until(EC.element_to_be_clickable(self.CHOOSE_RECRUITMENT_FROM_MENU)).click()\n_ _ _ _ _ _ _ _ _ _ _ _ _ _ _ _ _ _ _ _ _ _ _ _ _ _ _ _ _ _ _ _ _ _ _ _ _ _ _ _ \n\nself = <selenium.webdriver.support.wait.WebDriverWait (session=\"74ba2b843dd6717d291b2fe6b5f9569c\")>\nmethod = <function element_to_be_clickable.<locals>._predicate at 0x7f66d95fd800>\nmessage = ''\n\n    def until(self, method: Callable[[D], Union[Literal[False], T]], message: str = \"\") -> T:\n        \"\"\"Calls the method provided with the driver as an argument until the \\\n        return value does not evaluate to ``False``.\n    \n        :param method: callable(WebDriver)\n        :param message: optional message for :exc:`TimeoutException`\n        :returns: the result of the last call to `method`\n        :raises: :exc:`selenium.common.exceptions.TimeoutException` if timeout occurs\n        \"\"\"\n        screen = None\n        stacktrace = None\n    \n        end_time = time.monotonic() + self._timeout\n        while True:\n            try:\n                value = method(self._driver)\n                if value:\n                    return value\n            except self._ignored_exceptions as exc:\n                screen = getattr(exc, \"screen\", None)\n                stacktrace = getattr(exc, \"stacktrace\", None)\n            time.sleep(self._poll)\n            if time.monotonic() > end_time:\n                break\n>       raise TimeoutException(message, screen, stacktrace)\nE       selenium.common.exceptions.TimeoutException: Message: \nE       Stacktrace:\nE       #0 0x5576c1cc0993 <unknown>\nE       #1 0x5576c19bb136 <unknown>\nE       #2 0x5576c1a05d48 <unknown>\nE       #3 0x5576c1a05e01 <unknown>\nE       #4 0x5576c1a48e44 <unknown>\nE       #5 0x5576c1a27cfd <unknown>\nE       #6 0x5576c1a46319 <unknown>\nE       #7 0x5576c1a27a73 <unknown>\nE       #8 0x5576c19f8c93 <unknown>\nE       #9 0x5576c19f965e <unknown>\nE       #10 0x5576c1c8508b <unknown>\nE       #11 0x5576c1c89005 <unknown>\nE       #12 0x5576c1c73491 <unknown>\nE       #13 0x5576c1c89b92 <unknown>\nE       #14 0x5576c1c589ef <unknown>\nE       #15 0x5576c1cafdf8 <unknown>\nE       #16 0x5576c1caffcb <unknown>\nE       #17 0x5576c1cbfae4 <unknown>\nE       #18 0x7f629a894ac3 <unknown>\n\n/opt/hostedtoolcache/Python/3.12.2/x64/lib/python3.12/site-packages/selenium/webdriver/support/wait.py:105: TimeoutException","flaky":true,"newFailed":false,"newBroken":true,"newPassed":false,"retriesCount":0,"retriesStatusChange":false,"beforeStages":[{"name":"driver","time":{"start":1712230416256,"stop":1712230416541,"duration":285},"status":"passed","steps":[],"attachments":[],"parameters":[],"stepsCount":0,"attachmentsCount":0,"hasContent":false,"attachmentStep":false,"shouldDisplayMessage":false},{"name":"setup","time":{"start":1712230416541,"stop":1712230416541,"duration":0},"status":"passed","steps":[],"attachments":[],"parameters":[],"stepsCount":0,"attachmentsCount":0,"hasContent":false,"attachmentStep":false,"shouldDisplayMessage":false}],"afterStages":[{"name":"driver::0","time":{"start":1712230434292,"stop":1712230434293,"duration":1},"status":"passed","steps":[],"attachments":[],"parameters":[],"stepsCount":0,"attachmentsCount":0,"hasContent":false,"attachmentStep":false,"shouldDisplayMessage":false}],"labels":[{"name":"parentSuite","value":"tests"},{"name":"suite","value":"features_profile_test"},{"name":"subSuite","value":"TestRecruitmentCandidate"},{"name":"host","value":"fv-az801-286"},{"name":"thread","value":"2278-MainThread"},{"name":"framework","value":"pytest"},{"name":"language","value":"cpython3"},{"name":"package","value":"tests.features_profile_test"},{"name":"resultFormat","value":"allure2"}],"parameters":[],"links":[],"hidden":false,"retry":false,"extra":{"severity":"normal","retries":[],"categories":[{"name":"Test defects","matchedStatuses":[],"flaky":false}],"history":{"statistic":{"failed":1,"broken":1,"skipped":0,"passed":1,"unknown":0,"total":3},"items":[{"uid":"993bf6cf5ca48cdd","reportUrl":"https://PetyaPidkovych07.github.io/DemoUI/54//#testresult/993bf6cf5ca48cdd","status":"passed","time":{"start":1712221954938,"stop":1712221963252,"duration":8314}},{"uid":"c58fad8089d32362","reportUrl":"https://PetyaPidkovych07.github.io/DemoUI/53//#testresult/c58fad8089d32362","status":"failed","statusDetails":"AssertionError","time":{"start":1712215149176,"stop":1712215157910,"duration":8734}}]},"tags":[]},"source":"8d1c5c95f61dbe1.json","parameterValues":[]}