{"uid":"b8bbb1f786fa681a","name":"test_found_no_records","fullName":"tests.features_profile_test.TestRecruitmentCandidate#test_found_no_records","historyId":"67f53fbd0ad287698650988ca9c94783","time":{"start":1712230327563,"stop":1712230344937,"duration":17374},"status":"broken","statusMessage":"selenium.common.exceptions.TimeoutException: Message: \nStacktrace:\n#0 0x55b585528993 <unknown>\n#1 0x55b585223136 <unknown>\n#2 0x55b58526dd48 <unknown>\n#3 0x55b58526de01 <unknown>\n#4 0x55b5852b0e44 <unknown>\n#5 0x55b58528fcfd <unknown>\n#6 0x55b5852ae319 <unknown>\n#7 0x55b58528fa73 <unknown>\n#8 0x55b585260c93 <unknown>\n#9 0x55b58526165e <unknown>\n#10 0x55b5854ed08b <unknown>\n#11 0x55b5854f1005 <unknown>\n#12 0x55b5854db491 <unknown>\n#13 0x55b5854f1b92 <unknown>\n#14 0x55b5854c09ef <unknown>\n#15 0x55b585517df8 <unknown>\n#16 0x55b585517fcb <unknown>\n#17 0x55b585527ae4 <unknown>\n#18 0x7fe0abc94ac3 <unknown>","statusTrace":"self = <tests.features_profile_test.TestRecruitmentCandidate object at 0x7f66d973d1f0>\n\n    def test_found_no_records(self):\n        self.login_page.open()\n        self.login_page.enter_login()\n        self.login_page.enter_password()\n        self.login_page.click_on_submit_button()\n>       self.recruitment_candidate_page.click_on_recruitment_item()\n\ntests/features_profile_test.py:430: \n_ _ _ _ _ _ _ _ _ _ _ _ _ _ _ _ _ _ _ _ _ _ _ _ _ _ _ _ _ _ _ _ _ _ _ _ _ _ _ _ \npages/recruitment_candidates_page.py:95: in click_on_recruitment_item\n    self.wait.until(EC.element_to_be_clickable(self.CHOOSE_RECRUITMENT_FROM_MENU)).click()\n_ _ _ _ _ _ _ _ _ _ _ _ _ _ _ _ _ _ _ _ _ _ _ _ _ _ _ _ _ _ _ _ _ _ _ _ _ _ _ _ \n\nself = <selenium.webdriver.support.wait.WebDriverWait (session=\"684a5c19d65a48d676c75d8b3b31e4f8\")>\nmethod = <function element_to_be_clickable.<locals>._predicate at 0x7f66d9619620>\nmessage = ''\n\n    def until(self, method: Callable[[D], Union[Literal[False], T]], message: str = \"\") -> T:\n        \"\"\"Calls the method provided with the driver as an argument until the \\\n        return value does not evaluate to ``False``.\n    \n        :param method: callable(WebDriver)\n        :param message: optional message for :exc:`TimeoutException`\n        :returns: the result of the last call to `method`\n        :raises: :exc:`selenium.common.exceptions.TimeoutException` if timeout occurs\n        \"\"\"\n        screen = None\n        stacktrace = None\n    \n        end_time = time.monotonic() + self._timeout\n        while True:\n            try:\n                value = method(self._driver)\n                if value:\n                    return value\n            except self._ignored_exceptions as exc:\n                screen = getattr(exc, \"screen\", None)\n                stacktrace = getattr(exc, \"stacktrace\", None)\n            time.sleep(self._poll)\n            if time.monotonic() > end_time:\n                break\n>       raise TimeoutException(message, screen, stacktrace)\nE       selenium.common.exceptions.TimeoutException: Message: \nE       Stacktrace:\nE       #0 0x55b585528993 <unknown>\nE       #1 0x55b585223136 <unknown>\nE       #2 0x55b58526dd48 <unknown>\nE       #3 0x55b58526de01 <unknown>\nE       #4 0x55b5852b0e44 <unknown>\nE       #5 0x55b58528fcfd <unknown>\nE       #6 0x55b5852ae319 <unknown>\nE       #7 0x55b58528fa73 <unknown>\nE       #8 0x55b585260c93 <unknown>\nE       #9 0x55b58526165e <unknown>\nE       #10 0x55b5854ed08b <unknown>\nE       #11 0x55b5854f1005 <unknown>\nE       #12 0x55b5854db491 <unknown>\nE       #13 0x55b5854f1b92 <unknown>\nE       #14 0x55b5854c09ef <unknown>\nE       #15 0x55b585517df8 <unknown>\nE       #16 0x55b585517fcb <unknown>\nE       #17 0x55b585527ae4 <unknown>\nE       #18 0x7fe0abc94ac3 <unknown>\n\n/opt/hostedtoolcache/Python/3.12.2/x64/lib/python3.12/site-packages/selenium/webdriver/support/wait.py:105: TimeoutException","flaky":false,"newFailed":false,"newBroken":true,"newPassed":false,"retriesCount":0,"retriesStatusChange":false,"beforeStages":[{"name":"driver","time":{"start":1712230327280,"stop":1712230327562,"duration":282},"status":"passed","steps":[],"attachments":[],"parameters":[],"stepsCount":0,"attachmentsCount":0,"hasContent":false,"attachmentStep":false,"shouldDisplayMessage":false},{"name":"setup","time":{"start":1712230327563,"stop":1712230327563,"duration":0},"status":"passed","steps":[],"attachments":[],"parameters":[],"stepsCount":0,"attachmentsCount":0,"hasContent":false,"attachmentStep":false,"shouldDisplayMessage":false}],"afterStages":[{"name":"driver::0","time":{"start":1712230345130,"stop":1712230345130,"duration":0},"status":"passed","steps":[],"attachments":[],"parameters":[],"stepsCount":0,"attachmentsCount":0,"hasContent":false,"attachmentStep":false,"shouldDisplayMessage":false}],"labels":[{"name":"parentSuite","value":"tests"},{"name":"suite","value":"features_profile_test"},{"name":"subSuite","value":"TestRecruitmentCandidate"},{"name":"host","value":"fv-az801-286"},{"name":"thread","value":"2278-MainThread"},{"name":"framework","value":"pytest"},{"name":"language","value":"cpython3"},{"name":"package","value":"tests.features_profile_test"},{"name":"resultFormat","value":"allure2"}],"parameters":[],"links":[],"hidden":false,"retry":false,"extra":{"severity":"normal","retries":[],"categories":[{"name":"Test defects","matchedStatuses":[],"flaky":false}],"history":{"statistic":{"failed":0,"broken":1,"skipped":0,"passed":3,"unknown":0,"total":4},"items":[{"uid":"18249073d5a328b7","reportUrl":"https://PetyaPidkovych07.github.io/DemoUI/54//#testresult/18249073d5a328b7","status":"passed","time":{"start":1712221914038,"stop":1712221922398,"duration":8360}},{"uid":"380679998fd88e5a","reportUrl":"https://PetyaPidkovych07.github.io/DemoUI/53//#testresult/380679998fd88e5a","status":"passed","time":{"start":1712215104055,"stop":1712215112753,"duration":8698}},{"uid":"2d67fb6b95246f42","reportUrl":"https://PetyaPidkovych07.github.io/DemoUI/47//#testresult/2d67fb6b95246f42","status":"passed","time":{"start":1711615989605,"stop":1711615998563,"duration":8958}}]},"tags":[]},"source":"b8bbb1f786fa681a.json","parameterValues":[]}