{"uid":"e08c5bc0d5978501","name":"test_sorted_ascending_hiring","fullName":"tests.features_profile_test.TestRecruitmentCandidate#test_sorted_ascending_hiring","historyId":"e3b51d05c2e8df0e0248620d8e777b87","time":{"start":1712230523193,"stop":1712230540648,"duration":17455},"status":"broken","statusMessage":"selenium.common.exceptions.TimeoutException: Message: \nStacktrace:\n#0 0x559091330993 <unknown>\n#1 0x55909102b136 <unknown>\n#2 0x559091075d48 <unknown>\n#3 0x559091075e01 <unknown>\n#4 0x5590910b8e44 <unknown>\n#5 0x559091097cfd <unknown>\n#6 0x5590910b6319 <unknown>\n#7 0x559091097a73 <unknown>\n#8 0x559091068c93 <unknown>\n#9 0x55909106965e <unknown>\n#10 0x5590912f508b <unknown>\n#11 0x5590912f9005 <unknown>\n#12 0x5590912e3491 <unknown>\n#13 0x5590912f9b92 <unknown>\n#14 0x5590912c89ef <unknown>\n#15 0x55909131fdf8 <unknown>\n#16 0x55909131ffcb <unknown>\n#17 0x55909132fae4 <unknown>\n#18 0x7fab82094ac3 <unknown>","statusTrace":"self = <tests.features_profile_test.TestRecruitmentCandidate object at 0x7f66d973eb10>\n\n    def test_sorted_ascending_hiring(self):\n        self.login_page.open()\n        self.login_page.enter_login()\n        self.login_page.enter_password()\n        self.login_page.click_on_submit_button()\n>       self.recruitment_candidate_page.click_on_recruitment_item()\n\ntests/features_profile_test.py:554: \n_ _ _ _ _ _ _ _ _ _ _ _ _ _ _ _ _ _ _ _ _ _ _ _ _ _ _ _ _ _ _ _ _ _ _ _ _ _ _ _ \npages/recruitment_candidates_page.py:95: in click_on_recruitment_item\n    self.wait.until(EC.element_to_be_clickable(self.CHOOSE_RECRUITMENT_FROM_MENU)).click()\n_ _ _ _ _ _ _ _ _ _ _ _ _ _ _ _ _ _ _ _ _ _ _ _ _ _ _ _ _ _ _ _ _ _ _ _ _ _ _ _ \n\nself = <selenium.webdriver.support.wait.WebDriverWait (session=\"7b4e71f72cd446a33b6c8892a1282891\")>\nmethod = <function element_to_be_clickable.<locals>._predicate at 0x7f66d9618720>\nmessage = ''\n\n    def until(self, method: Callable[[D], Union[Literal[False], T]], message: str = \"\") -> T:\n        \"\"\"Calls the method provided with the driver as an argument until the \\\n        return value does not evaluate to ``False``.\n    \n        :param method: callable(WebDriver)\n        :param message: optional message for :exc:`TimeoutException`\n        :returns: the result of the last call to `method`\n        :raises: :exc:`selenium.common.exceptions.TimeoutException` if timeout occurs\n        \"\"\"\n        screen = None\n        stacktrace = None\n    \n        end_time = time.monotonic() + self._timeout\n        while True:\n            try:\n                value = method(self._driver)\n                if value:\n                    return value\n            except self._ignored_exceptions as exc:\n                screen = getattr(exc, \"screen\", None)\n                stacktrace = getattr(exc, \"stacktrace\", None)\n            time.sleep(self._poll)\n            if time.monotonic() > end_time:\n                break\n>       raise TimeoutException(message, screen, stacktrace)\nE       selenium.common.exceptions.TimeoutException: Message: \nE       Stacktrace:\nE       #0 0x559091330993 <unknown>\nE       #1 0x55909102b136 <unknown>\nE       #2 0x559091075d48 <unknown>\nE       #3 0x559091075e01 <unknown>\nE       #4 0x5590910b8e44 <unknown>\nE       #5 0x559091097cfd <unknown>\nE       #6 0x5590910b6319 <unknown>\nE       #7 0x559091097a73 <unknown>\nE       #8 0x559091068c93 <unknown>\nE       #9 0x55909106965e <unknown>\nE       #10 0x5590912f508b <unknown>\nE       #11 0x5590912f9005 <unknown>\nE       #12 0x5590912e3491 <unknown>\nE       #13 0x5590912f9b92 <unknown>\nE       #14 0x5590912c89ef <unknown>\nE       #15 0x55909131fdf8 <unknown>\nE       #16 0x55909131ffcb <unknown>\nE       #17 0x55909132fae4 <unknown>\nE       #18 0x7fab82094ac3 <unknown>\n\n/opt/hostedtoolcache/Python/3.12.2/x64/lib/python3.12/site-packages/selenium/webdriver/support/wait.py:105: TimeoutException","flaky":false,"newFailed":false,"newBroken":true,"newPassed":false,"retriesCount":0,"retriesStatusChange":false,"beforeStages":[{"name":"driver","time":{"start":1712230522911,"stop":1712230523193,"duration":282},"status":"passed","steps":[],"attachments":[],"parameters":[],"stepsCount":0,"attachmentsCount":0,"hasContent":false,"attachmentStep":false,"shouldDisplayMessage":false},{"name":"setup","time":{"start":1712230523193,"stop":1712230523193,"duration":0},"status":"passed","steps":[],"attachments":[],"parameters":[],"stepsCount":0,"attachmentsCount":0,"hasContent":false,"attachmentStep":false,"shouldDisplayMessage":false}],"afterStages":[{"name":"driver::0","time":{"start":1712230540676,"stop":1712230540676,"duration":0},"status":"passed","steps":[],"attachments":[],"parameters":[],"stepsCount":0,"attachmentsCount":0,"hasContent":false,"attachmentStep":false,"shouldDisplayMessage":false}],"labels":[{"name":"parentSuite","value":"tests"},{"name":"suite","value":"features_profile_test"},{"name":"subSuite","value":"TestRecruitmentCandidate"},{"name":"host","value":"fv-az801-286"},{"name":"thread","value":"2278-MainThread"},{"name":"framework","value":"pytest"},{"name":"language","value":"cpython3"},{"name":"package","value":"tests.features_profile_test"},{"name":"resultFormat","value":"allure2"}],"parameters":[],"links":[],"hidden":false,"retry":false,"extra":{"severity":"normal","retries":[],"categories":[{"name":"Test defects","matchedStatuses":[],"flaky":false}],"history":{"statistic":{"failed":0,"broken":1,"skipped":0,"passed":2,"unknown":0,"total":3},"items":[{"uid":"3590fc6f30536624","reportUrl":"https://PetyaPidkovych07.github.io/DemoUI/54//#testresult/3590fc6f30536624","status":"passed","time":{"start":1712222048481,"stop":1712222066653,"duration":18172}},{"uid":"9bac6b2c56ba3ef9","reportUrl":"https://PetyaPidkovych07.github.io/DemoUI/53//#testresult/9bac6b2c56ba3ef9","status":"passed","time":{"start":1712215246439,"stop":1712215264930,"duration":18491}}]},"tags":[]},"source":"e08c5bc0d5978501.json","parameterValues":[]}