{"uid":"ea2d62bfb722c312","name":"test_sorted_ascending_candidate","fullName":"tests.features_profile_test.TestRecruitmentCandidate#test_sorted_ascending_candidate","historyId":"c0ac9ac808fe95bd98e20fde12b35bce","time":{"start":1712230487702,"stop":1712230505016,"duration":17314},"status":"broken","statusMessage":"selenium.common.exceptions.TimeoutException: Message: \nStacktrace:\n#0 0x55fcbc149993 <unknown>\n#1 0x55fcbbe44136 <unknown>\n#2 0x55fcbbe8ed48 <unknown>\n#3 0x55fcbbe8ee01 <unknown>\n#4 0x55fcbbed1e44 <unknown>\n#5 0x55fcbbeb0cfd <unknown>\n#6 0x55fcbbecf319 <unknown>\n#7 0x55fcbbeb0a73 <unknown>\n#8 0x55fcbbe81c93 <unknown>\n#9 0x55fcbbe8265e <unknown>\n#10 0x55fcbc10e08b <unknown>\n#11 0x55fcbc112005 <unknown>\n#12 0x55fcbc0fc491 <unknown>\n#13 0x55fcbc112b92 <unknown>\n#14 0x55fcbc0e19ef <unknown>\n#15 0x55fcbc138df8 <unknown>\n#16 0x55fcbc138fcb <unknown>\n#17 0x55fcbc148ae4 <unknown>\n#18 0x7f7de6894ac3 <unknown>","statusTrace":"self = <tests.features_profile_test.TestRecruitmentCandidate object at 0x7f66d973c560>\n\n    def test_sorted_ascending_candidate(self):\n        self.login_page.open()\n        self.login_page.enter_login()\n        self.login_page.enter_password()\n        self.login_page.click_on_submit_button()\n>       self.recruitment_candidate_page.click_on_recruitment_item()\n\ntests/features_profile_test.py:533: \n_ _ _ _ _ _ _ _ _ _ _ _ _ _ _ _ _ _ _ _ _ _ _ _ _ _ _ _ _ _ _ _ _ _ _ _ _ _ _ _ \npages/recruitment_candidates_page.py:95: in click_on_recruitment_item\n    self.wait.until(EC.element_to_be_clickable(self.CHOOSE_RECRUITMENT_FROM_MENU)).click()\n_ _ _ _ _ _ _ _ _ _ _ _ _ _ _ _ _ _ _ _ _ _ _ _ _ _ _ _ _ _ _ _ _ _ _ _ _ _ _ _ \n\nself = <selenium.webdriver.support.wait.WebDriverWait (session=\"ff2c2a66d95c47235720b10168cf2b36\")>\nmethod = <function element_to_be_clickable.<locals>._predicate at 0x7f66d95836a0>\nmessage = ''\n\n    def until(self, method: Callable[[D], Union[Literal[False], T]], message: str = \"\") -> T:\n        \"\"\"Calls the method provided with the driver as an argument until the \\\n        return value does not evaluate to ``False``.\n    \n        :param method: callable(WebDriver)\n        :param message: optional message for :exc:`TimeoutException`\n        :returns: the result of the last call to `method`\n        :raises: :exc:`selenium.common.exceptions.TimeoutException` if timeout occurs\n        \"\"\"\n        screen = None\n        stacktrace = None\n    \n        end_time = time.monotonic() + self._timeout\n        while True:\n            try:\n                value = method(self._driver)\n                if value:\n                    return value\n            except self._ignored_exceptions as exc:\n                screen = getattr(exc, \"screen\", None)\n                stacktrace = getattr(exc, \"stacktrace\", None)\n            time.sleep(self._poll)\n            if time.monotonic() > end_time:\n                break\n>       raise TimeoutException(message, screen, stacktrace)\nE       selenium.common.exceptions.TimeoutException: Message: \nE       Stacktrace:\nE       #0 0x55fcbc149993 <unknown>\nE       #1 0x55fcbbe44136 <unknown>\nE       #2 0x55fcbbe8ed48 <unknown>\nE       #3 0x55fcbbe8ee01 <unknown>\nE       #4 0x55fcbbed1e44 <unknown>\nE       #5 0x55fcbbeb0cfd <unknown>\nE       #6 0x55fcbbecf319 <unknown>\nE       #7 0x55fcbbeb0a73 <unknown>\nE       #8 0x55fcbbe81c93 <unknown>\nE       #9 0x55fcbbe8265e <unknown>\nE       #10 0x55fcbc10e08b <unknown>\nE       #11 0x55fcbc112005 <unknown>\nE       #12 0x55fcbc0fc491 <unknown>\nE       #13 0x55fcbc112b92 <unknown>\nE       #14 0x55fcbc0e19ef <unknown>\nE       #15 0x55fcbc138df8 <unknown>\nE       #16 0x55fcbc138fcb <unknown>\nE       #17 0x55fcbc148ae4 <unknown>\nE       #18 0x7f7de6894ac3 <unknown>\n\n/opt/hostedtoolcache/Python/3.12.2/x64/lib/python3.12/site-packages/selenium/webdriver/support/wait.py:105: TimeoutException","flaky":false,"newFailed":false,"newBroken":true,"newPassed":false,"retriesCount":0,"retriesStatusChange":false,"beforeStages":[{"name":"driver","time":{"start":1712230487418,"stop":1712230487701,"duration":283},"status":"passed","steps":[],"attachments":[],"parameters":[],"stepsCount":0,"attachmentsCount":0,"hasContent":false,"attachmentStep":false,"shouldDisplayMessage":false},{"name":"setup","time":{"start":1712230487701,"stop":1712230487701,"duration":0},"status":"passed","steps":[],"attachments":[],"parameters":[],"stepsCount":0,"attachmentsCount":0,"hasContent":false,"attachmentStep":false,"shouldDisplayMessage":false}],"afterStages":[{"name":"driver::0","time":{"start":1712230505044,"stop":1712230505044,"duration":0},"status":"passed","steps":[],"attachments":[],"parameters":[],"stepsCount":0,"attachmentsCount":0,"hasContent":false,"attachmentStep":false,"shouldDisplayMessage":false}],"labels":[{"name":"parentSuite","value":"tests"},{"name":"suite","value":"features_profile_test"},{"name":"subSuite","value":"TestRecruitmentCandidate"},{"name":"host","value":"fv-az801-286"},{"name":"thread","value":"2278-MainThread"},{"name":"framework","value":"pytest"},{"name":"language","value":"cpython3"},{"name":"package","value":"tests.features_profile_test"},{"name":"resultFormat","value":"allure2"}],"parameters":[],"links":[],"hidden":false,"retry":false,"extra":{"severity":"normal","retries":[],"categories":[{"name":"Test defects","matchedStatuses":[],"flaky":false}],"history":{"statistic":{"failed":0,"broken":1,"skipped":0,"passed":2,"unknown":0,"total":3},"items":[{"uid":"bbb3bf685cec16cb","reportUrl":"https://PetyaPidkovych07.github.io/DemoUI/54//#testresult/bbb3bf685cec16cb","status":"passed","time":{"start":1712222009901,"stop":1712222029291,"duration":19390}},{"uid":"5a63c6e3274539d4","reportUrl":"https://PetyaPidkovych07.github.io/DemoUI/53//#testresult/5a63c6e3274539d4","status":"passed","time":{"start":1712215207704,"stop":1712215227416,"duration":19712}}]},"tags":[]},"source":"ea2d62bfb722c312.json","parameterValues":[]}