{"uid":"2ea1d3a045e1eeff","name":"test_add_vacancy_QA","fullName":"tests.features_profile_test.TestVacancies#test_add_vacancy_QA","historyId":"0b4ee9d4c6b962e169f0beb1bab0efd2","time":{"start":1712214979361,"stop":1712215003181,"duration":23820},"status":"broken","statusMessage":"selenium.common.exceptions.TimeoutException: Message: \nStacktrace:\n#0 0x5630ec072993 <unknown>\n#1 0x5630ebd6d136 <unknown>\n#2 0x5630ebdb7d48 <unknown>\n#3 0x5630ebdb7e01 <unknown>\n#4 0x5630ebdfae44 <unknown>\n#5 0x5630ebdd9cfd <unknown>\n#6 0x5630ebdf8319 <unknown>\n#7 0x5630ebdd9a73 <unknown>\n#8 0x5630ebdaac93 <unknown>\n#9 0x5630ebdab65e <unknown>\n#10 0x5630ec03708b <unknown>\n#11 0x5630ec03b005 <unknown>\n#12 0x5630ec025491 <unknown>\n#13 0x5630ec03bb92 <unknown>\n#14 0x5630ec00a9ef <unknown>\n#15 0x5630ec061df8 <unknown>\n#16 0x5630ec061fcb <unknown>\n#17 0x5630ec071ae4 <unknown>\n#18 0x7fc2e9094ac3 <unknown>","statusTrace":"self = <tests.features_profile_test.TestVacancies object at 0x7f324552bef0>\n\n    def test_add_vacancy_QA(self):\n        self.login_page.open()\n        self.login_page.enter_login()\n        self.login_page.enter_password()\n        self.login_page.click_on_submit_button()\n        self.vacancies_page.click_on_recruitment_item()\n        self.vacancies_page.click_on_vacancies_item()\n        self.vacancies_page.click_on_add_btn()\n        self.vacancies_page.type_petro_in_the_field()\n        self.vacancies_page.click_on_dropdown()\n        self.vacancies_page.choose_QA_from_dropdown()\n        self.vacancies_page.type_odis()\n>       self.vacancies_page.click_on_hint()\n\ntests/features_profile_test.py:319: \n_ _ _ _ _ _ _ _ _ _ _ _ _ _ _ _ _ _ _ _ _ _ _ _ _ _ _ _ _ _ _ _ _ _ _ _ _ _ _ _ \npages/vacancies_page.py:79: in click_on_hint\n    self.wait.until(EC.element_to_be_clickable(self.HINT_TO_HIRING)).click()\n_ _ _ _ _ _ _ _ _ _ _ _ _ _ _ _ _ _ _ _ _ _ _ _ _ _ _ _ _ _ _ _ _ _ _ _ _ _ _ _ \n\nself = <selenium.webdriver.support.wait.WebDriverWait (session=\"a49bd91df9534be4f0beab415eef4eea\")>\nmethod = <function element_to_be_clickable.<locals>._predicate at 0x7f3245440720>\nmessage = ''\n\n    def until(self, method: Callable[[D], Union[Literal[False], T]], message: str = \"\") -> T:\n        \"\"\"Calls the method provided with the driver as an argument until the \\\n        return value does not evaluate to ``False``.\n    \n        :param method: callable(WebDriver)\n        :param message: optional message for :exc:`TimeoutException`\n        :returns: the result of the last call to `method`\n        :raises: :exc:`selenium.common.exceptions.TimeoutException` if timeout occurs\n        \"\"\"\n        screen = None\n        stacktrace = None\n    \n        end_time = time.monotonic() + self._timeout\n        while True:\n            try:\n                value = method(self._driver)\n                if value:\n                    return value\n            except self._ignored_exceptions as exc:\n                screen = getattr(exc, \"screen\", None)\n                stacktrace = getattr(exc, \"stacktrace\", None)\n            time.sleep(self._poll)\n            if time.monotonic() > end_time:\n                break\n>       raise TimeoutException(message, screen, stacktrace)\nE       selenium.common.exceptions.TimeoutException: Message: \nE       Stacktrace:\nE       #0 0x5630ec072993 <unknown>\nE       #1 0x5630ebd6d136 <unknown>\nE       #2 0x5630ebdb7d48 <unknown>\nE       #3 0x5630ebdb7e01 <unknown>\nE       #4 0x5630ebdfae44 <unknown>\nE       #5 0x5630ebdd9cfd <unknown>\nE       #6 0x5630ebdf8319 <unknown>\nE       #7 0x5630ebdd9a73 <unknown>\nE       #8 0x5630ebdaac93 <unknown>\nE       #9 0x5630ebdab65e <unknown>\nE       #10 0x5630ec03708b <unknown>\nE       #11 0x5630ec03b005 <unknown>\nE       #12 0x5630ec025491 <unknown>\nE       #13 0x5630ec03bb92 <unknown>\nE       #14 0x5630ec00a9ef <unknown>\nE       #15 0x5630ec061df8 <unknown>\nE       #16 0x5630ec061fcb <unknown>\nE       #17 0x5630ec071ae4 <unknown>\nE       #18 0x7fc2e9094ac3 <unknown>\n\n/opt/hostedtoolcache/Python/3.12.2/x64/lib/python3.12/site-packages/selenium/webdriver/support/wait.py:105: TimeoutException","flaky":false,"newFailed":false,"newBroken":true,"newPassed":false,"retriesCount":0,"retriesStatusChange":false,"beforeStages":[{"name":"driver","time":{"start":1712214979081,"stop":1712214979361,"duration":280},"status":"passed","steps":[],"attachments":[],"parameters":[],"shouldDisplayMessage":false,"stepsCount":0,"attachmentsCount":0,"hasContent":false,"attachmentStep":false},{"name":"setup","time":{"start":1712214979361,"stop":1712214979361,"duration":0},"status":"passed","steps":[],"attachments":[],"parameters":[],"shouldDisplayMessage":false,"stepsCount":0,"attachmentsCount":0,"hasContent":false,"attachmentStep":false}],"afterStages":[{"name":"driver::0","time":{"start":1712215003199,"stop":1712215003199,"duration":0},"status":"passed","steps":[],"attachments":[],"parameters":[],"shouldDisplayMessage":false,"stepsCount":0,"attachmentsCount":0,"hasContent":false,"attachmentStep":false}],"labels":[{"name":"parentSuite","value":"tests"},{"name":"suite","value":"features_profile_test"},{"name":"subSuite","value":"TestVacancies"},{"name":"host","value":"fv-az651-360"},{"name":"thread","value":"2328-MainThread"},{"name":"framework","value":"pytest"},{"name":"language","value":"cpython3"},{"name":"package","value":"tests.features_profile_test"},{"name":"resultFormat","value":"allure2"}],"parameters":[],"links":[],"hidden":false,"retry":false,"extra":{"severity":"normal","retries":[],"categories":[{"name":"Test defects","matchedStatuses":[],"flaky":false}],"history":{"statistic":{"failed":0,"broken":1,"skipped":0,"passed":1,"unknown":0,"total":2},"items":[{"uid":"262b95365f859bcf","reportUrl":"https://PetyaPidkovych07.github.io/DemoUI/47//#testresult/262b95365f859bcf","status":"passed","time":{"start":1711615886493,"stop":1711615902735,"duration":16242}}]},"tags":[]},"source":"2ea1d3a045e1eeff.json","parameterValues":[]}