{"uid":"6b3bf7454f0fc126","name":"test_is_display_employee_after_filters","fullName":"tests.features_profile_test.TestDirectory#test_is_display_employee_after_filters","historyId":"48c057c1e50b46d8c380fb116deda450","time":{"start":1712214784242,"stop":1712214805465,"duration":21223},"status":"broken","statusMessage":"selenium.common.exceptions.TimeoutException: Message:","statusTrace":"self = <tests.features_profile_test.TestDirectory object at 0x7f324552a8a0>\n\n    def test_is_display_employee_after_filters(self):\n        self.login_page.open()\n        self.login_page.enter_login()\n        self.login_page.enter_password()\n        self.login_page.click_on_submit_button()\n        self.directory_page.click_on_directory_item()\n        self.directory_page.is_opened()\n        self.directory_page.click_on_dropdown()\n        self.directory_page.choose_item_from_dropdown()\n        self.directory_page.click_on_search_btn()\n>       self.directory_page.is_present_software_in_table()\n\ntests/features_profile_test.py:141: \n_ _ _ _ _ _ _ _ _ _ _ _ _ _ _ _ _ _ _ _ _ _ _ _ _ _ _ _ _ _ _ _ _ _ _ _ _ _ _ _ \npages/directory_page.py:119: in is_present_software_in_table\n    results = self.wait.until(EC.visibility_of_all_elements_located(self.NAME_EMPLOYEE_FROM_PROFILE))\n_ _ _ _ _ _ _ _ _ _ _ _ _ _ _ _ _ _ _ _ _ _ _ _ _ _ _ _ _ _ _ _ _ _ _ _ _ _ _ _ \n\nself = <selenium.webdriver.support.wait.WebDriverWait (session=\"209b2aec3186495d917bb3c941f1030f\")>\nmethod = <function visibility_of_all_elements_located.<locals>._predicate at 0x7f324540ad40>\nmessage = ''\n\n    def until(self, method: Callable[[D], Union[Literal[False], T]], message: str = \"\") -> T:\n        \"\"\"Calls the method provided with the driver as an argument until the \\\n        return value does not evaluate to ``False``.\n    \n        :param method: callable(WebDriver)\n        :param message: optional message for :exc:`TimeoutException`\n        :returns: the result of the last call to `method`\n        :raises: :exc:`selenium.common.exceptions.TimeoutException` if timeout occurs\n        \"\"\"\n        screen = None\n        stacktrace = None\n    \n        end_time = time.monotonic() + self._timeout\n        while True:\n            try:\n                value = method(self._driver)\n                if value:\n                    return value\n            except self._ignored_exceptions as exc:\n                screen = getattr(exc, \"screen\", None)\n                stacktrace = getattr(exc, \"stacktrace\", None)\n            time.sleep(self._poll)\n            if time.monotonic() > end_time:\n                break\n>       raise TimeoutException(message, screen, stacktrace)\nE       selenium.common.exceptions.TimeoutException: Message:\n\n/opt/hostedtoolcache/Python/3.12.2/x64/lib/python3.12/site-packages/selenium/webdriver/support/wait.py:105: TimeoutException","flaky":false,"newFailed":false,"newBroken":true,"newPassed":false,"retriesCount":0,"retriesStatusChange":false,"beforeStages":[{"name":"driver","time":{"start":1712214783960,"stop":1712214784241,"duration":281},"status":"passed","steps":[],"attachments":[],"parameters":[],"shouldDisplayMessage":false,"stepsCount":0,"attachmentsCount":0,"hasContent":false,"attachmentStep":false},{"name":"setup","time":{"start":1712214784241,"stop":1712214784242,"duration":1},"status":"passed","steps":[],"attachments":[],"parameters":[],"shouldDisplayMessage":false,"stepsCount":0,"attachmentsCount":0,"hasContent":false,"attachmentStep":false}],"afterStages":[{"name":"driver::0","time":{"start":1712214805515,"stop":1712214805516,"duration":1},"status":"passed","steps":[],"attachments":[],"parameters":[],"shouldDisplayMessage":false,"stepsCount":0,"attachmentsCount":0,"hasContent":false,"attachmentStep":false}],"labels":[{"name":"parentSuite","value":"tests"},{"name":"suite","value":"features_profile_test"},{"name":"subSuite","value":"TestDirectory"},{"name":"host","value":"fv-az651-360"},{"name":"thread","value":"2328-MainThread"},{"name":"framework","value":"pytest"},{"name":"language","value":"cpython3"},{"name":"package","value":"tests.features_profile_test"},{"name":"resultFormat","value":"allure2"}],"parameters":[],"links":[],"hidden":false,"retry":false,"extra":{"severity":"normal","retries":[],"categories":[{"name":"Test defects","matchedStatuses":[],"flaky":false}],"history":{"statistic":{"failed":0,"broken":1,"skipped":0,"passed":1,"unknown":0,"total":2},"items":[{"uid":"e163c5d53873ec71","reportUrl":"https://PetyaPidkovych07.github.io/DemoUI/47//#testresult/e163c5d53873ec71","status":"passed","time":{"start":1711615755321,"stop":1711615762739,"duration":7418}}]},"tags":[]},"source":"6b3bf7454f0fc126.json","parameterValues":[]}