{"uid":"bf3f80f0b00ea2dc","name":"test_is_display_chief_after_filters","fullName":"tests.features_profile_test.TestDirectory#test_is_display_chief_after_filters","historyId":"b7d1e8d1a5cf6ce2b518eef9f4042071","time":{"start":1712221623792,"stop":1712221644006,"duration":20214},"status":"broken","statusMessage":"selenium.common.exceptions.TimeoutException: Message:","statusTrace":"self = <tests.features_profile_test.TestDirectory object at 0x7f4fd802f2c0>\n\n    def test_is_display_chief_after_filters(self):\n        self.login_page.open()\n        self.login_page.enter_login()\n        self.login_page.enter_password()\n        self.login_page.click_on_submit_button()\n        self.directory_page.click_on_directory_item()\n        self.directory_page.is_opened()\n        self.directory_page.click_on_dropdown()\n        self.directory_page.choose_chief_from_dropdown()\n        self.directory_page.click_on_search_btn()\n>       self.directory_page.is_present_chief_technical_in_table()\n\ntests/features_profile_test.py:189: \n_ _ _ _ _ _ _ _ _ _ _ _ _ _ _ _ _ _ _ _ _ _ _ _ _ _ _ _ _ _ _ _ _ _ _ _ _ _ _ _ \npages/directory_page.py:141: in is_present_chief_technical_in_table\n    results = self.wait.until(EC.visibility_of_all_elements_located(self.HR_MANAGER))\n_ _ _ _ _ _ _ _ _ _ _ _ _ _ _ _ _ _ _ _ _ _ _ _ _ _ _ _ _ _ _ _ _ _ _ _ _ _ _ _ \n\nself = <selenium.webdriver.support.wait.WebDriverWait (session=\"589e12bdba78e6541f702ebd6e4297c9\")>\nmethod = <function visibility_of_all_elements_located.<locals>._predicate at 0x7f4fd7f0db20>\nmessage = ''\n\n    def until(self, method: Callable[[D], Union[Literal[False], T]], message: str = \"\") -> T:\n        \"\"\"Calls the method provided with the driver as an argument until the \\\n        return value does not evaluate to ``False``.\n    \n        :param method: callable(WebDriver)\n        :param message: optional message for :exc:`TimeoutException`\n        :returns: the result of the last call to `method`\n        :raises: :exc:`selenium.common.exceptions.TimeoutException` if timeout occurs\n        \"\"\"\n        screen = None\n        stacktrace = None\n    \n        end_time = time.monotonic() + self._timeout\n        while True:\n            try:\n                value = method(self._driver)\n                if value:\n                    return value\n            except self._ignored_exceptions as exc:\n                screen = getattr(exc, \"screen\", None)\n                stacktrace = getattr(exc, \"stacktrace\", None)\n            time.sleep(self._poll)\n            if time.monotonic() > end_time:\n                break\n>       raise TimeoutException(message, screen, stacktrace)\nE       selenium.common.exceptions.TimeoutException: Message:\n\n/opt/hostedtoolcache/Python/3.12.2/x64/lib/python3.12/site-packages/selenium/webdriver/support/wait.py:105: TimeoutException","flaky":false,"newFailed":false,"newBroken":false,"newPassed":false,"retriesCount":0,"retriesStatusChange":false,"beforeStages":[{"name":"driver","time":{"start":1712221623455,"stop":1712221623737,"duration":282},"status":"passed","steps":[],"attachments":[],"parameters":[],"shouldDisplayMessage":false,"stepsCount":0,"attachmentsCount":0,"hasContent":false,"attachmentStep":false},{"name":"setup","time":{"start":1712221623737,"stop":1712221623792,"duration":55},"status":"passed","steps":[],"attachments":[],"parameters":[],"shouldDisplayMessage":false,"stepsCount":0,"attachmentsCount":0,"hasContent":false,"attachmentStep":false}],"afterStages":[{"name":"driver::0","time":{"start":1712221644055,"stop":1712221644055,"duration":0},"status":"passed","steps":[],"attachments":[],"parameters":[],"shouldDisplayMessage":false,"stepsCount":0,"attachmentsCount":0,"hasContent":false,"attachmentStep":false}],"labels":[{"name":"parentSuite","value":"tests"},{"name":"suite","value":"features_profile_test"},{"name":"subSuite","value":"TestDirectory"},{"name":"host","value":"fv-az736-406"},{"name":"thread","value":"2263-MainThread"},{"name":"framework","value":"pytest"},{"name":"language","value":"cpython3"},{"name":"package","value":"tests.features_profile_test"},{"name":"resultFormat","value":"allure2"}],"parameters":[],"links":[],"hidden":false,"retry":false,"extra":{"severity":"normal","retries":[],"categories":[{"name":"Test defects","matchedStatuses":[],"flaky":false}],"history":{"statistic":{"failed":0,"broken":2,"skipped":0,"passed":1,"unknown":0,"total":3},"items":[{"uid":"fd65530a346bd7a4","reportUrl":"https://PetyaPidkovych07.github.io/DemoUI/53//#testresult/fd65530a346bd7a4","status":"broken","statusDetails":"selenium.common.exceptions.TimeoutException: Message:","time":{"start":1712214841645,"stop":1712214861961,"duration":20316}},{"uid":"1f07c59044392ed4","reportUrl":"https://PetyaPidkovych07.github.io/DemoUI/47//#testresult/1f07c59044392ed4","status":"passed","time":{"start":1711615770603,"stop":1711615777653,"duration":7050}}]},"tags":[]},"source":"bf3f80f0b00ea2dc.json","parameterValues":[]}