{"uid":"cb127c39722fa2dd","name":"test_display_sales_in_table_after_chosen_dropdown","fullName":"tests.features_profile_test.TestVacancies#test_display_sales_in_table_after_chosen_dropdown","historyId":"f86d88e24c5db86aac643881952a38ba","time":{"start":1712221828561,"stop":1712221852949,"duration":24388},"status":"broken","statusMessage":"selenium.common.exceptions.TimeoutException: Message:","statusTrace":"self = <tests.features_profile_test.TestVacancies object at 0x7f4fd8040890>\n\n    def test_display_sales_in_table_after_chosen_dropdown(self):\n        self.login_page.open()\n        self.login_page.enter_login()\n        self.login_page.enter_password()\n        self.login_page.click_on_submit_button()\n        self.vacancies_page.click_on_recruitment_item()\n        self.vacancies_page.click_on_vacancies_item()\n        self.vacancies_page.click_on_dropdown()\n        self.vacancies_page.choose_sales_from_dropdown()\n        self.vacancies_page.click_on_search_btn()\n>       self.vacancies_page.is_displayed_sales_in_table()\n\ntests/features_profile_test.py:369: \n_ _ _ _ _ _ _ _ _ _ _ _ _ _ _ _ _ _ _ _ _ _ _ _ _ _ _ _ _ _ _ _ _ _ _ _ _ _ _ _ \npages/vacancies_page.py:141: in is_displayed_sales_in_table\n    vacancy_column = self.wait.until(EC.visibility_of_all_elements_located(self.All_USERS))\n_ _ _ _ _ _ _ _ _ _ _ _ _ _ _ _ _ _ _ _ _ _ _ _ _ _ _ _ _ _ _ _ _ _ _ _ _ _ _ _ \n\nself = <selenium.webdriver.support.wait.WebDriverWait (session=\"bbd8fbbbe2389c53a9313e9dd9fa85f6\")>\nmethod = <function visibility_of_all_elements_located.<locals>._predicate at 0x7f4fd7eeeca0>\nmessage = ''\n\n    def until(self, method: Callable[[D], Union[Literal[False], T]], message: str = \"\") -> T:\n        \"\"\"Calls the method provided with the driver as an argument until the \\\n        return value does not evaluate to ``False``.\n    \n        :param method: callable(WebDriver)\n        :param message: optional message for :exc:`TimeoutException`\n        :returns: the result of the last call to `method`\n        :raises: :exc:`selenium.common.exceptions.TimeoutException` if timeout occurs\n        \"\"\"\n        screen = None\n        stacktrace = None\n    \n        end_time = time.monotonic() + self._timeout\n        while True:\n            try:\n                value = method(self._driver)\n                if value:\n                    return value\n            except self._ignored_exceptions as exc:\n                screen = getattr(exc, \"screen\", None)\n                stacktrace = getattr(exc, \"stacktrace\", None)\n            time.sleep(self._poll)\n            if time.monotonic() > end_time:\n                break\n>       raise TimeoutException(message, screen, stacktrace)\nE       selenium.common.exceptions.TimeoutException: Message:\n\n/opt/hostedtoolcache/Python/3.12.2/x64/lib/python3.12/site-packages/selenium/webdriver/support/wait.py:105: TimeoutException","flaky":false,"newFailed":false,"newBroken":true,"newPassed":false,"retriesCount":0,"retriesStatusChange":false,"beforeStages":[{"name":"driver","time":{"start":1712221828280,"stop":1712221828561,"duration":281},"status":"passed","steps":[],"attachments":[],"parameters":[],"shouldDisplayMessage":false,"stepsCount":0,"attachmentsCount":0,"hasContent":false,"attachmentStep":false},{"name":"setup","time":{"start":1712221828561,"stop":1712221828561,"duration":0},"status":"passed","steps":[],"attachments":[],"parameters":[],"shouldDisplayMessage":false,"stepsCount":0,"attachmentsCount":0,"hasContent":false,"attachmentStep":false}],"afterStages":[{"name":"driver::0","time":{"start":1712221852966,"stop":1712221852966,"duration":0},"status":"passed","steps":[],"attachments":[],"parameters":[],"shouldDisplayMessage":false,"stepsCount":0,"attachmentsCount":0,"hasContent":false,"attachmentStep":false}],"labels":[{"name":"parentSuite","value":"tests"},{"name":"suite","value":"features_profile_test"},{"name":"subSuite","value":"TestVacancies"},{"name":"host","value":"fv-az736-406"},{"name":"thread","value":"2263-MainThread"},{"name":"framework","value":"pytest"},{"name":"language","value":"cpython3"},{"name":"package","value":"tests.features_profile_test"},{"name":"resultFormat","value":"allure2"}],"parameters":[],"links":[],"hidden":false,"retry":false,"extra":{"severity":"normal","retries":[],"categories":[{"name":"Test defects","matchedStatuses":[],"flaky":false}],"history":{"statistic":{"failed":0,"broken":1,"skipped":0,"passed":2,"unknown":0,"total":3},"items":[{"uid":"c0a78cf7e88262c7","reportUrl":"https://PetyaPidkovych07.github.io/DemoUI/53//#testresult/c0a78cf7e88262c7","status":"passed","time":{"start":1712215051933,"stop":1712215064016,"duration":12083}},{"uid":"ab50baa3dc5d2116","reportUrl":"https://PetyaPidkovych07.github.io/DemoUI/47//#testresult/ab50baa3dc5d2116","status":"passed","time":{"start":1711615938073,"stop":1711615950343,"duration":12270}}]},"tags":[]},"source":"cb127c39722fa2dd.json","parameterValues":[]}