{"uid":"16b86cba5751c18a","name":"test_found_only_qa_lead_after_chosen_from_dropdown","fullName":"tests.features_profile_test.TestRecruitmentCandidate#test_found_only_qa_lead_after_chosen_from_dropdown","historyId":"7a967b9162381db2ac84d15d7415e1c9","time":{"start":1712254900071,"stop":1712254909721,"duration":9650},"status":"failed","statusMessage":"AssertionError","statusTrace":"self = <tests.features_profile_test.TestRecruitmentCandidate object at 0x7f455e7e92b0>\n\n    def test_found_only_qa_lead_after_chosen_from_dropdown(self):\n        self.login_page.open()\n        self.login_page.enter_login()\n        self.login_page.enter_password()\n        self.login_page.click_on_submit_button()\n        self.recruitment_candidate_page.click_on_recruitment_item()\n        self.recruitment_candidate_page.is_opened()\n        self.recruitment_candidate_page.click_on_dropdown()\n        self.recruitment_candidate_page.choose_qa_lead_from_dropdown()\n        self.recruitment_candidate_page.click_on_search_btn()\n>       self.recruitment_candidate_page.are_fonded_qa_lead_when_chosen_from_dropdown()\n\ntests/features_profile_test.py:455: \n_ _ _ _ _ _ _ _ _ _ _ _ _ _ _ _ _ _ _ _ _ _ _ _ _ _ _ _ _ _ _ _ _ _ _ _ _ _ _ _ \n\nself = <pages.recruitment_candidates_page.Recruitment_Candidate object at 0x7f455e641ee0>\n\n    def are_fonded_qa_lead_when_chosen_from_dropdown(self):\n        vacancy_column = self.wait.until(EC.presence_of_all_elements_located(self.VACANCY_COLUMN))\n        size_list = []\n        for size in vacancy_column:\n            size_list.append(size.text)\n        print(size_list)\n    \n        vacancy = ['Vacancy', 'Senior QA Lead', 'Senior QA Lead', 'Senior QA Lead', 'Senior QA Lead', 'Senior QA Lead',\n                   'Senior QA Lead', 'Senior QA Lead',\n                   'Senior QA Lead', 'Senior QA Lead', 'Senior QA Lead', 'Senior QA Lead', 'Senior QA Lead',\n                   'Senior QA Lead', 'Senior QA Lead', 'Senior QA Lead',\n                   'Senior QA Lead', 'Senior QA Lead', 'Senior QA Lead', 'Senior QA Lead', 'Senior QA Lead',\n                   'Senior QA Lead', 'Senior QA Lead', 'Senior QA Lead', 'Senior QA Lead',\n                   'Senior QA Lead', 'Senior QA Lead', 'Senior QA Lead', 'Senior QA Lead', 'Senior QA Lead']\n        print(vacancy)\n>       assert vacancy == size_list\nE       AssertionError\n\npages/recruitment_candidates_page.py:222: AssertionError","flaky":false,"newFailed":true,"newBroken":false,"newPassed":false,"retriesCount":0,"retriesStatusChange":false,"beforeStages":[{"name":"driver","time":{"start":1712254899738,"stop":1712254900017,"duration":279},"status":"passed","steps":[],"attachments":[],"parameters":[],"shouldDisplayMessage":false,"stepsCount":0,"attachmentsCount":0,"hasContent":false,"attachmentStep":false},{"name":"setup","time":{"start":1712254900018,"stop":1712254900071,"duration":53},"status":"passed","steps":[],"attachments":[],"parameters":[],"shouldDisplayMessage":false,"stepsCount":0,"attachmentsCount":0,"hasContent":false,"attachmentStep":false}],"testStage":{"status":"failed","statusMessage":"AssertionError","statusTrace":"self = <tests.features_profile_test.TestRecruitmentCandidate object at 0x7f455e7e92b0>\n\n    def test_found_only_qa_lead_after_chosen_from_dropdown(self):\n        self.login_page.open()\n        self.login_page.enter_login()\n        self.login_page.enter_password()\n        self.login_page.click_on_submit_button()\n        self.recruitment_candidate_page.click_on_recruitment_item()\n        self.recruitment_candidate_page.is_opened()\n        self.recruitment_candidate_page.click_on_dropdown()\n        self.recruitment_candidate_page.choose_qa_lead_from_dropdown()\n        self.recruitment_candidate_page.click_on_search_btn()\n>       self.recruitment_candidate_page.are_fonded_qa_lead_when_chosen_from_dropdown()\n\ntests/features_profile_test.py:455: \n_ _ _ _ _ _ _ _ _ _ _ _ _ _ _ _ _ _ _ _ _ _ _ _ _ _ _ _ _ _ _ _ _ _ _ _ _ _ _ _ \n\nself = <pages.recruitment_candidates_page.Recruitment_Candidate object at 0x7f455e641ee0>\n\n    def are_fonded_qa_lead_when_chosen_from_dropdown(self):\n        vacancy_column = self.wait.until(EC.presence_of_all_elements_located(self.VACANCY_COLUMN))\n        size_list = []\n        for size in vacancy_column:\n            size_list.append(size.text)\n        print(size_list)\n    \n        vacancy = ['Vacancy', 'Senior QA Lead', 'Senior QA Lead', 'Senior QA Lead', 'Senior QA Lead', 'Senior QA Lead',\n                   'Senior QA Lead', 'Senior QA Lead',\n                   'Senior QA Lead', 'Senior QA Lead', 'Senior QA Lead', 'Senior QA Lead', 'Senior QA Lead',\n                   'Senior QA Lead', 'Senior QA Lead', 'Senior QA Lead',\n                   'Senior QA Lead', 'Senior QA Lead', 'Senior QA Lead', 'Senior QA Lead', 'Senior QA Lead',\n                   'Senior QA Lead', 'Senior QA Lead', 'Senior QA Lead', 'Senior QA Lead',\n                   'Senior QA Lead', 'Senior QA Lead', 'Senior QA Lead', 'Senior QA Lead', 'Senior QA Lead']\n        print(vacancy)\n>       assert vacancy == size_list\nE       AssertionError\n\npages/recruitment_candidates_page.py:222: AssertionError","steps":[],"attachments":[{"uid":"1ef0cc807c474cd8","name":"stdout","source":"1ef0cc807c474cd8.txt","type":"text/plain","size":1086}],"parameters":[],"shouldDisplayMessage":true,"stepsCount":0,"attachmentsCount":1,"hasContent":true,"attachmentStep":false},"afterStages":[{"name":"driver::0","time":{"start":1712254909745,"stop":1712254909745,"duration":0},"status":"passed","steps":[],"attachments":[],"parameters":[],"shouldDisplayMessage":false,"stepsCount":0,"attachmentsCount":0,"hasContent":false,"attachmentStep":false}],"labels":[{"name":"parentSuite","value":"tests"},{"name":"suite","value":"features_profile_test"},{"name":"subSuite","value":"TestRecruitmentCandidate"},{"name":"host","value":"fv-az1210-75"},{"name":"thread","value":"2300-MainThread"},{"name":"framework","value":"pytest"},{"name":"language","value":"cpython3"},{"name":"package","value":"tests.features_profile_test"},{"name":"resultFormat","value":"allure2"}],"parameters":[],"links":[],"hidden":false,"retry":false,"extra":{"severity":"normal","retries":[],"categories":[{"name":"Product defects","matchedStatuses":[],"flaky":false}],"history":{"statistic":{"failed":4,"broken":1,"skipped":0,"passed":0,"unknown":0,"total":5},"items":[{"uid":"4ffa6bb7c5e8a529","reportUrl":"https://PetyaPidkovych07.github.io/DemoUI/55//#testresult/4ffa6bb7c5e8a529","status":"broken","statusDetails":"selenium.common.exceptions.TimeoutException: Message: \nStacktrace:\n#0 0x558a91f52993 <unknown>\n#1 0x558a91c4d136 <unknown>\n#2 0x558a91c97d48 <unknown>\n#3 0x558a91c97e01 <unknown>\n#4 0x558a91cdae44 <unknown>\n#5 0x558a91cb9cfd <unknown>\n#6 0x558a91cd8319 <unknown>\n#7 0x558a91cb9a73 <unknown>\n#8 0x558a91c8ac93 <unknown>\n#9 0x558a91c8b65e <unknown>\n#10 0x558a91f1708b <unknown>\n#11 0x558a91f1b005 <unknown>\n#12 0x558a91f05491 <unknown>\n#13 0x558a91f1bb92 <unknown>\n#14 0x558a91eea9ef <unknown>\n#15 0x558a91f41df8 <unknown>\n#16 0x558a91f41fcb <unknown>\n#17 0x558a91f51ae4 <unknown>\n#18 0x7f049e494ac3 <unknown>","time":{"start":1712230363124,"stop":1712230380765,"duration":17641}},{"uid":"28f4798dd3bd9844","reportUrl":"https://PetyaPidkovych07.github.io/DemoUI/54//#testresult/28f4798dd3bd9844","status":"failed","statusDetails":"AssertionError","time":{"start":1712221928478,"stop":1712221937038,"duration":8560}},{"uid":"9b1411fdc1adf39","reportUrl":"https://PetyaPidkovych07.github.io/DemoUI/53//#testresult/9b1411fdc1adf39","status":"failed","statusDetails":"AssertionError","time":{"start":1712215119271,"stop":1712215129779,"duration":10508}},{"uid":"fddac58234dd85c9","reportUrl":"https://PetyaPidkovych07.github.io/DemoUI/47//#testresult/fddac58234dd85c9","status":"failed","statusDetails":"AssertionError","time":{"start":1711616004714,"stop":1711616015123,"duration":10409}}]},"tags":[]},"source":"16b86cba5751c18a.json","parameterValues":[]}