{"uid":"9d101c5c905355a3","name":"test_find_a_new_report","fullName":"tests.features_profile_test.TestPimReports#test_find_a_new_report","historyId":"f6389f2c26b624cdd8c6b2d85ad22bbb","time":{"start":1711615813554,"stop":1711615837620,"duration":24066},"status":"broken","statusMessage":"selenium.common.exceptions.TimeoutException: Message: \nStacktrace:\n#0 0x56176a4e4993 <unknown>\n#1 0x56176a1df136 <unknown>\n#2 0x56176a229d48 <unknown>\n#3 0x56176a229e01 <unknown>\n#4 0x56176a26ce44 <unknown>\n#5 0x56176a24bcfd <unknown>\n#6 0x56176a26a319 <unknown>\n#7 0x56176a24ba73 <unknown>\n#8 0x56176a21cc93 <unknown>\n#9 0x56176a21d65e <unknown>\n#10 0x56176a4a908b <unknown>\n#11 0x56176a4ad005 <unknown>\n#12 0x56176a497491 <unknown>\n#13 0x56176a4adb92 <unknown>\n#14 0x56176a47c9ef <unknown>\n#15 0x56176a4d3df8 <unknown>\n#16 0x56176a4d3fcb <unknown>\n#17 0x56176a4e3ae4 <unknown>\n#18 0x7f9e1e694ac3 <unknown>","statusTrace":"self = <tests.features_profile_test.TestPimReports object at 0x7f5c05c8aba0>\n\n    def test_find_a_new_report(self):\n        self.login_page.open()\n        self.login_page.enter_login()\n        self.login_page.enter_password()\n        self.login_page.click_on_submit_button()\n        self.pim_reports_page.click_on_pim_item()\n        self.pim_reports_page.click_on_report_link()\n        self.pim_reports_page.type_ped()\n        self.pim_reports_page.click_on_hint_in_the_field()\n        self.pim_reports_page.click_on_search_btn()\n>       self.pim_reports_page.is_appeared_new_report()\n\ntests/features_profile_test.py:186: \n_ _ _ _ _ _ _ _ _ _ _ _ _ _ _ _ _ _ _ _ _ _ _ _ _ _ _ _ _ _ _ _ _ _ _ _ _ _ _ _ \npages/pim_reports_page.py:67: in is_appeared_new_report\n    report = self.wait.until(EC.element_to_be_clickable(self.TITTLE_H6)).text\n_ _ _ _ _ _ _ _ _ _ _ _ _ _ _ _ _ _ _ _ _ _ _ _ _ _ _ _ _ _ _ _ _ _ _ _ _ _ _ _ \n\nself = <selenium.webdriver.support.wait.WebDriverWait (session=\"5dbf0b10193ed02b1456cc8d17252a3b\")>\nmethod = <function element_to_be_clickable.<locals>._predicate at 0x7f5c05aeb880>\nmessage = ''\n\n    def until(self, method: Callable[[D], Union[Literal[False], T]], message: str = \"\") -> T:\n        \"\"\"Calls the method provided with the driver as an argument until the \\\n        return value does not evaluate to ``False``.\n    \n        :param method: callable(WebDriver)\n        :param message: optional message for :exc:`TimeoutException`\n        :returns: the result of the last call to `method`\n        :raises: :exc:`selenium.common.exceptions.TimeoutException` if timeout occurs\n        \"\"\"\n        screen = None\n        stacktrace = None\n    \n        end_time = time.monotonic() + self._timeout\n        while True:\n            try:\n                value = method(self._driver)\n                if value:\n                    return value\n            except self._ignored_exceptions as exc:\n                screen = getattr(exc, \"screen\", None)\n                stacktrace = getattr(exc, \"stacktrace\", None)\n            time.sleep(self._poll)\n            if time.monotonic() > end_time:\n                break\n>       raise TimeoutException(message, screen, stacktrace)\nE       selenium.common.exceptions.TimeoutException: Message: \nE       Stacktrace:\nE       #0 0x56176a4e4993 <unknown>\nE       #1 0x56176a1df136 <unknown>\nE       #2 0x56176a229d48 <unknown>\nE       #3 0x56176a229e01 <unknown>\nE       #4 0x56176a26ce44 <unknown>\nE       #5 0x56176a24bcfd <unknown>\nE       #6 0x56176a26a319 <unknown>\nE       #7 0x56176a24ba73 <unknown>\nE       #8 0x56176a21cc93 <unknown>\nE       #9 0x56176a21d65e <unknown>\nE       #10 0x56176a4a908b <unknown>\nE       #11 0x56176a4ad005 <unknown>\nE       #12 0x56176a497491 <unknown>\nE       #13 0x56176a4adb92 <unknown>\nE       #14 0x56176a47c9ef <unknown>\nE       #15 0x56176a4d3df8 <unknown>\nE       #16 0x56176a4d3fcb <unknown>\nE       #17 0x56176a4e3ae4 <unknown>\nE       #18 0x7f9e1e694ac3 <unknown>\n\n/opt/hostedtoolcache/Python/3.12.2/x64/lib/python3.12/site-packages/selenium/webdriver/support/wait.py:105: TimeoutException","flaky":false,"newFailed":false,"newBroken":false,"newPassed":false,"retriesCount":0,"retriesStatusChange":false,"beforeStages":[{"name":"driver","time":{"start":1711615813221,"stop":1711615813498,"duration":277},"status":"passed","steps":[],"attachments":[],"parameters":[],"shouldDisplayMessage":false,"stepsCount":0,"attachmentsCount":0,"hasContent":false,"attachmentStep":false},{"name":"setup","time":{"start":1711615813498,"stop":1711615813553,"duration":55},"status":"passed","steps":[],"attachments":[],"parameters":[],"shouldDisplayMessage":false,"stepsCount":0,"attachmentsCount":0,"hasContent":false,"attachmentStep":false}],"afterStages":[{"name":"driver::0","time":{"start":1711615837634,"stop":1711615837634,"duration":0},"status":"passed","steps":[],"attachments":[],"parameters":[],"shouldDisplayMessage":false,"stepsCount":0,"attachmentsCount":0,"hasContent":false,"attachmentStep":false}],"labels":[{"name":"parentSuite","value":"tests"},{"name":"suite","value":"features_profile_test"},{"name":"subSuite","value":"TestPimReports"},{"name":"host","value":"fv-az573-8"},{"name":"thread","value":"2283-MainThread"},{"name":"framework","value":"pytest"},{"name":"language","value":"cpython3"},{"name":"package","value":"tests.features_profile_test"},{"name":"resultFormat","value":"allure2"}],"parameters":[],"links":[],"hidden":false,"retry":false,"extra":{"severity":"normal","retries":[],"categories":[{"name":"Test defects","matchedStatuses":[],"flaky":false}],"tags":[]},"source":"9d101c5c905355a3.json","parameterValues":[]}